1615529807015	geckodriver	INFO	Listening on 127.0.0.1:58458
1615529810024	mozrunner::runner	INFO	Running command: "C:\\Program Files\\Mozilla Firefox\\firefox.exe" "--marionette" "-foreground" "-no-remote" "-profile" "C:\\Users\\admin\\AppData\\Local\\Temp\\rust_mozprofileAD4d1J"
console.warn: SearchSettings: "get: No settings file exists, new profile?" (new Error("", "(unknown module)"))
1615529814321	Marionette	INFO	Listening on port 58468
1615529814816	Marionette	WARN	TLS certificate errors will be ignored for this session
1615529822035	Marionette	INFO	Stopped listening on port 58468

###!!! [Child][RunMessage] Error: Channel closing: too late to send/recv, messages will be lost

1615530140379	geckodriver	INFO	Listening on 127.0.0.1:58713
1615530143379	mozrunner::runner	INFO	Running command: "C:\\Program Files\\Mozilla Firefox\\firefox.exe" "--marionette" "-foreground" "-no-remote" "-profile" "C:\\Users\\admin\\AppData\\Local\\Temp\\rust_mozprofilefY1ldV"
console.warn: SearchSettings: "get: No settings file exists, new profile?" (new Error("", "(unknown module)"))
1615530146860	Marionette	INFO	Listening on port 58722
1615530147051	Marionette	WARN	TLS certificate errors will be ignored for this session
1615530154409	Marionette	INFO	Stopped listening on port 58722

###!!! [Child][RunMessage] Error: Channel closing: too late to send/recv, messages will be lost

1615530205434	geckodriver	INFO	Listening on 127.0.0.1:58835
1615530208427	mozrunner::runner	INFO	Running command: "C:\\Program Files\\Mozilla Firefox\\firefox.exe" "--marionette" "-foreground" "-no-remote" "-profile" "C:\\Users\\admin\\AppData\\Local\\Temp\\rust_mozprofileDFjGLN"
console.warn: SearchSettings: "get: No settings file exists, new profile?" (new Error("", "(unknown module)"))
1615530211063	Marionette	INFO	Listening on port 58844
1615530211297	Marionette	WARN	TLS certificate errors will be ignored for this session
1615530219571	Marionette	INFO	Stopped listening on port 58844

###!!! [Child][RunMessage] Error: Channel closing: too late to send/recv, messages will be lost

1615530324237	geckodriver	INFO	Listening on 127.0.0.1:58966
1615530327253	mozrunner::runner	INFO	Running command: "C:\\Program Files\\Mozilla Firefox\\firefox.exe" "--marionette" "-foreground" "-no-remote" "-profile" "C:\\Users\\admin\\AppData\\Local\\Temp\\rust_mozprofilesOa8nd"
console.warn: SearchSettings: "get: No settings file exists, new profile?" (new Error("", "(unknown module)"))
1615530329912	Marionette	INFO	Listening on port 58975
1615530330420	Marionette	WARN	TLS certificate errors will be ignored for this session
1615530338092	Marionette	INFO	Stopped listening on port 58975

###!!! [Child][RunMessage] Error: Channel closing: too late to send/recv, messages will be lost

1615530353116	geckodriver	INFO	Listening on 127.0.0.1:59062
1615530356169	mozrunner::runner	INFO	Running command: "C:\\Program Files\\Mozilla Firefox\\firefox.exe" "--marionette" "-foreground" "-no-remote" "-profile" "C:\\Users\\admin\\AppData\\Local\\Temp\\rust_mozprofilezRmCWd"
console.warn: SearchSettings: "get: No settings file exists, new profile?" (new Error("", "(unknown module)"))
1615530358684	Marionette	INFO	Listening on port 59072
1615530358870	Marionette	WARN	TLS certificate errors will be ignored for this session
1615530366403	Marionette	INFO	Stopped listening on port 59072

###!!! [Child][RunMessage] Error: Channel closing: too late to send/recv, messages will be lost

1615530398991	geckodriver	INFO	Listening on 127.0.0.1:59157
1615530402008	mozrunner::runner	INFO	Running command: "C:\\Program Files\\Mozilla Firefox\\firefox.exe" "--marionette" "-foreground" "-no-remote" "-profile" "C:\\Users\\admin\\AppData\\Local\\Temp\\rust_mozprofilenxmL4c"
console.warn: SearchSettings: "get: No settings file exists, new profile?" (new Error("", "(unknown module)"))
1615530404592	Marionette	INFO	Listening on port 59166
1615530404693	Marionette	WARN	TLS certificate errors will be ignored for this session
1615530411032	Marionette	INFO	Stopped listening on port 59166

###!!! [Child][RunMessage] Error: Channel closing: too late to send/recv, messages will be lost

1615530491924	geckodriver	INFO	Listening on 127.0.0.1:59269
1615530494967	mozrunner::runner	INFO	Running command: "C:\\Program Files\\Mozilla Firefox\\firefox.exe" "--marionette" "-foreground" "-no-remote" "-profile" "C:\\Users\\admin\\AppData\\Local\\Temp\\rust_mozprofileJtnlen"
console.warn: SearchSettings: "get: No settings file exists, new profile?" (new Error("", "(unknown module)"))
1615530497567	Marionette	INFO	Listening on port 59278
1615530497660	Marionette	WARN	TLS certificate errors will be ignored for this session
1615530504796	Marionette	INFO	Stopped listening on port 59278

###!!! [Child][RunMessage] Error: Channel closing: too late to send/recv, messages will be lost

1615530535746	geckodriver	INFO	Listening on 127.0.0.1:59365
1615530538780	mozrunner::runner	INFO	Running command: "C:\\Program Files\\Mozilla Firefox\\firefox.exe" "--marionette" "-foreground" "-no-remote" "-profile" "C:\\Users\\admin\\AppData\\Local\\Temp\\rust_mozprofile7DGFtv"
console.warn: SearchSettings: "get: No settings file exists, new profile?" (new Error("", "(unknown module)"))
1615530541383	Marionette	INFO	Listening on port 59377
1615530541473	Marionette	WARN	TLS certificate errors will be ignored for this session
1615530547770	Marionette	INFO	Stopped listening on port 59377

###!!! [Child][RunMessage] Error: Channel closing: too late to send/recv, messages will be lost

1615530811532	geckodriver	INFO	Listening on 127.0.0.1:59639
1615530814589	mozrunner::runner	INFO	Running command: "C:\\Program Files\\Mozilla Firefox\\firefox.exe" "--marionette" "-foreground" "-no-remote" "-profile" "C:\\Users\\admin\\AppData\\Local\\Temp\\rust_mozprofilebMG66U"
console.warn: SearchSettings: "get: No settings file exists, new profile?" (new Error("", "(unknown module)"))
1615530817144	Marionette	INFO	Listening on port 59649
1615530817242	Marionette	WARN	TLS certificate errors will be ignored for this session
1615530824707	Marionette	INFO	Stopped listening on port 59649

###!!! [Child][RunMessage] Error: Channel closing: too late to send/recv, messages will be lost

1615530922811	geckodriver	INFO	Listening on 127.0.0.1:59774
1615530925845	mozrunner::runner	INFO	Running command: "C:\\Program Files\\Mozilla Firefox\\firefox.exe" "--marionette" "-foreground" "-no-remote" "-profile" "C:\\Users\\admin\\AppData\\Local\\Temp\\rust_mozprofileJ2qHvE"
console.warn: SearchSettings: "get: No settings file exists, new profile?" (new Error("", "(unknown module)"))
1615530928385	Marionette	INFO	Listening on port 59783
1615530928502	Marionette	WARN	TLS certificate errors will be ignored for this session
1615530936124	Marionette	INFO	Stopped listening on port 59783

###!!! [Child][RunMessage] Error: Channel closing: too late to send/recv, messages will be lost

1615531080368	geckodriver	INFO	Listening on 127.0.0.1:59932
1615531083442	mozrunner::runner	INFO	Running command: "C:\\Program Files\\Mozilla Firefox\\firefox.exe" "--marionette" "-foreground" "-no-remote" "-profile" "C:\\Users\\admin\\AppData\\Local\\Temp\\rust_mozprofileGmsTy6"
console.warn: SearchSettings: "get: No settings file exists, new profile?" (new Error("", "(unknown module)"))
1615531086111	Marionette	INFO	Listening on port 59942
1615531086626	Marionette	WARN	TLS certificate errors will be ignored for this session
1615531093904	Marionette	INFO	Stopped listening on port 59942

###!!! [Child][RunMessage] Error: Channel closing: too late to send/recv, messages will be lost

1615531235833	geckodriver	INFO	Listening on 127.0.0.1:60161
1615531238874	mozrunner::runner	INFO	Running command: "C:\\Program Files\\Mozilla Firefox\\firefox.exe" "--marionette" "-foreground" "-no-remote" "-profile" "C:\\Users\\admin\\AppData\\Local\\Temp\\rust_mozprofileCUx0co"
console.warn: SearchSettings: "get: No settings file exists, new profile?" (new Error("", "(unknown module)"))
1615531241541	Marionette	INFO	Listening on port 60170
1615531242041	Marionette	WARN	TLS certificate errors will be ignored for this session
1615531249112	Marionette	INFO	Stopped listening on port 60170

###!!! [Child][RunMessage] Error: Channel closing: too late to send/recv, messages will be lost

1615531524397	geckodriver	INFO	Listening on 127.0.0.1:60480
1615531527465	mozrunner::runner	INFO	Running command: "C:\\Program Files\\Mozilla Firefox\\firefox.exe" "--marionette" "-foreground" "-no-remote" "-profile" "C:\\Users\\admin\\AppData\\Local\\Temp\\rust_mozprofile72lE0y"
console.warn: SearchSettings: "get: No settings file exists, new profile?" (new Error("", "(unknown module)"))
1615531530093	Marionette	INFO	Listening on port 60490
1615531530150	Marionette	WARN	TLS certificate errors will be ignored for this session
1615531537718	Marionette	INFO	Stopped listening on port 60490

###!!! [Child][RunMessage] Error: Channel closing: too late to send/recv, messages will be lost

1615531629881	geckodriver	INFO	Listening on 127.0.0.1:60643
1615531632940	mozrunner::runner	INFO	Running command: "C:\\Program Files\\Mozilla Firefox\\firefox.exe" "--marionette" "-foreground" "-no-remote" "-profile" "C:\\Users\\admin\\AppData\\Local\\Temp\\rust_mozprofilezrRj6n"
console.warn: SearchSettings: "get: No settings file exists, new profile?" (new Error("", "(unknown module)"))
1615531635454	Marionette	INFO	Listening on port 60652
1615531635599	Marionette	WARN	TLS certificate errors will be ignored for this session
1615531643177	Marionette	INFO	Stopped listening on port 60652

###!!! [Child][RunMessage] Error: Channel closing: too late to send/recv, messages will be lost

1615531738713	geckodriver	INFO	Listening on 127.0.0.1:60792
1615531741756	mozrunner::runner	INFO	Running command: "C:\\Program Files\\Mozilla Firefox\\firefox.exe" "--marionette" "-foreground" "-no-remote" "-profile" "C:\\Users\\admin\\AppData\\Local\\Temp\\rust_mozprofileq0CZLm"
console.warn: SearchSettings: "get: No settings file exists, new profile?" (new Error("", "(unknown module)"))
1615531744346	Marionette	INFO	Listening on port 60801
1615531744419	Marionette	WARN	TLS certificate errors will be ignored for this session
1615531750146	Marionette	INFO	Stopped listening on port 60801

###!!! [Child][RunMessage] Error: Channel closing: too late to send/recv, messages will be lost

1615531794383	geckodriver	INFO	Listening on 127.0.0.1:60888
1615531797433	mozrunner::runner	INFO	Running command: "C:\\Program Files\\Mozilla Firefox\\firefox.exe" "--marionette" "-foreground" "-no-remote" "-profile" "C:\\Users\\admin\\AppData\\Local\\Temp\\rust_mozprofilelAfvdM"
console.warn: SearchSettings: "get: No settings file exists, new profile?" (new Error("", "(unknown module)"))
1615531800007	Marionette	INFO	Listening on port 60897
1615531800110	Marionette	WARN	TLS certificate errors will be ignored for this session
1615531805795	Marionette	INFO	Stopped listening on port 60897

###!!! [Child][RunMessage] Error: Channel closing: too late to send/recv, messages will be lost

1615531833853	geckodriver	INFO	Listening on 127.0.0.1:60973
1615531836911	mozrunner::runner	INFO	Running command: "C:\\Program Files\\Mozilla Firefox\\firefox.exe" "--marionette" "-foreground" "-no-remote" "-profile" "C:\\Users\\admin\\AppData\\Local\\Temp\\rust_mozprofile3W4ZWF"
console.warn: SearchSettings: "get: No settings file exists, new profile?" (new Error("", "(unknown module)"))
1615531839459	Marionette	INFO	Listening on port 60983
1615531839591	Marionette	WARN	TLS certificate errors will be ignored for this session
1615531847029	Marionette	INFO	Stopped listening on port 60983

###!!! [Child][RunMessage] Error: Channel closing: too late to send/recv, messages will be lost

1615531872453	geckodriver	INFO	Listening on 127.0.0.1:61067
1615531875483	mozrunner::runner	INFO	Running command: "C:\\Program Files\\Mozilla Firefox\\firefox.exe" "--marionette" "-foreground" "-no-remote" "-profile" "C:\\Users\\admin\\AppData\\Local\\Temp\\rust_mozprofileTAsQyx"
console.warn: SearchSettings: "get: No settings file exists, new profile?" (new Error("", "(unknown module)"))
1615531878032	Marionette	INFO	Listening on port 61076
1615531878170	Marionette	WARN	TLS certificate errors will be ignored for this session
1615531885798	Marionette	INFO	Stopped listening on port 61076

###!!! [Child][RunMessage] Error: Channel closing: too late to send/recv, messages will be lost

1615531919263	geckodriver	INFO	Listening on 127.0.0.1:61170
1615531922289	mozrunner::runner	INFO	Running command: "C:\\Program Files\\Mozilla Firefox\\firefox.exe" "--marionette" "-foreground" "-no-remote" "-profile" "C:\\Users\\admin\\AppData\\Local\\Temp\\rust_mozprofileVfyOfg"
console.warn: SearchSettings: "get: No settings file exists, new profile?" (new Error("", "(unknown module)"))
1615531925288	Marionette	INFO	Listening on port 61180
1615531925479	Marionette	WARN	TLS certificate errors will be ignored for this session
1615531933249	Marionette	INFO	Stopped listening on port 61180
1615531975138	geckodriver	INFO	Listening on 127.0.0.1:61275
1615531978159	mozrunner::runner	INFO	Running command: "C:\\Program Files\\Mozilla Firefox\\firefox.exe" "--marionette" "-foreground" "-no-remote" "-profile" "C:\\Users\\admin\\AppData\\Local\\Temp\\rust_mozprofilequ2Afh"
console.warn: SearchSettings: "get: No settings file exists, new profile?" (new Error("", "(unknown module)"))
1615531980873	Marionette	INFO	Listening on port 61287
1615531981350	Marionette	WARN	TLS certificate errors will be ignored for this session
1615531988713	Marionette	INFO	Stopped listening on port 61287

###!!! [Child][RunMessage] Error: Channel closing: too late to send/recv, messages will be lost

1615532021924	geckodriver	INFO	Listening on 127.0.0.1:61364
1615532024925	mozrunner::runner	INFO	Running command: "C:\\Program Files\\Mozilla Firefox\\firefox.exe" "--marionette" "-foreground" "-no-remote" "-profile" "C:\\Users\\admin\\AppData\\Local\\Temp\\rust_mozprofileFFx2TF"
console.warn: SearchSettings: "get: No settings file exists, new profile?" (new Error("", "(unknown module)"))
1615532027581	Marionette	INFO	Listening on port 61373
1615532027613	Marionette	WARN	TLS certificate errors will be ignored for this session
1615532035141	Marionette	INFO	Stopped listening on port 61373
JavaScript error: resource://gre/modules/UrlClassifierListManager.jsm, line 691: TypeError: this.tablesData[table] is undefined

###!!! [Child][RunMessage] Error: Channel closing: too late to send/recv, messages will be lost

1615532090357	geckodriver	INFO	Listening on 127.0.0.1:61476
1615532093377	mozrunner::runner	INFO	Running command: "C:\\Program Files\\Mozilla Firefox\\firefox.exe" "--marionette" "-foreground" "-no-remote" "-profile" "C:\\Users\\admin\\AppData\\Local\\Temp\\rust_mozprofileMo74kO"
console.warn: SearchSettings: "get: No settings file exists, new profile?" (new Error("", "(unknown module)"))
1615532095898	Marionette	INFO	Listening on port 61485
1615532096280	Marionette	WARN	TLS certificate errors will be ignored for this session
1615532103950	Marionette	INFO	Stopped listening on port 61485

###!!! [Child][RunMessage] Error: Channel closing: too late to send/recv, messages will be lost

1615532144323	geckodriver	INFO	Listening on 127.0.0.1:61567
1615532147354	mozrunner::runner	INFO	Running command: "C:\\Program Files\\Mozilla Firefox\\firefox.exe" "--marionette" "-foreground" "-no-remote" "-profile" "C:\\Users\\admin\\AppData\\Local\\Temp\\rust_mozprofileSZ831u"
console.warn: SearchSettings: "get: No settings file exists, new profile?" (new Error("", "(unknown module)"))
1615532149966	Marionette	INFO	Listening on port 61577
1615532150030	Marionette	WARN	TLS certificate errors will be ignored for this session
1615532156089	Marionette	INFO	Stopped listening on port 61577

###!!! [Child][RunMessage] Error: Channel closing: too late to send/recv, messages will be lost

1615532190131	geckodriver	INFO	Listening on 127.0.0.1:61651
1615532193149	mozrunner::runner	INFO	Running command: "C:\\Program Files\\Mozilla Firefox\\firefox.exe" "--marionette" "-foreground" "-no-remote" "-profile" "C:\\Users\\admin\\AppData\\Local\\Temp\\rust_mozprofile6abIhi"
console.warn: SearchSettings: "get: No settings file exists, new profile?" (new Error("", "(unknown module)"))
1615532195656	Marionette	INFO	Listening on port 61661
1615532195818	Marionette	WARN	TLS certificate errors will be ignored for this session
1615532200693	Marionette	INFO	Stopped listening on port 61661

###!!! [Child][RunMessage] Error: Channel closing: too late to send/recv, messages will be lost

1615532211270	geckodriver	INFO	Listening on 127.0.0.1:61723
1615532214321	mozrunner::runner	INFO	Running command: "C:\\Program Files\\Mozilla Firefox\\firefox.exe" "--marionette" "-foreground" "-no-remote" "-profile" "C:\\Users\\admin\\AppData\\Local\\Temp\\rust_mozprofilev9ulkp"
console.warn: SearchSettings: "get: No settings file exists, new profile?" (new Error("", "(unknown module)"))
1615532216889	Marionette	INFO	Listening on port 61732
1615532216999	Marionette	WARN	TLS certificate errors will be ignored for this session
console.error: Region.jsm: "Error fetching region" (new Error("TIMEOUT", "resource://gre/modules/Region.jsm", 775))
console.error: Region.jsm: "Failed to fetch region" (new Error("TIMEOUT", "resource://gre/modules/Region.jsm", 422))
1615532224606	Marionette	INFO	Stopped listening on port 61732

###!!! [Child][RunMessage] Error: Channel closing: too late to send/recv, messages will be lost

1615532315824	geckodriver	INFO	Listening on 127.0.0.1:61848
1615532318856	mozrunner::runner	INFO	Running command: "C:\\Program Files\\Mozilla Firefox\\firefox.exe" "--marionette" "-foreground" "-no-remote" "-profile" "C:\\Users\\admin\\AppData\\Local\\Temp\\rust_mozprofileYYVRiY"
console.warn: SearchSettings: "get: No settings file exists, new profile?" (new Error("", "(unknown module)"))
1615532321415	Marionette	INFO	Listening on port 61858
1615532321555	Marionette	WARN	TLS certificate errors will be ignored for this session
JavaScript error: resource://activity-stream/lib/ASRouter.jsm, line 988: NS_ERROR_ILLEGAL_VALUE: Component returned failure code: 0x80070057 (NS_ERROR_ILLEGAL_VALUE) [nsIObserverService.removeObserver]
console.warn: services.settings: main/partitioning-exempt-urls sync interrupted by shutdown
console.error: Region.jsm: "Error fetching region" (new TypeError("NetworkError when attempting to fetch resource.", ""))
console.error: Region.jsm: "Failed to fetch region" (new Error("NO_RESULT", "resource://gre/modules/Region.jsm", 422))
1615532322398	Marionette	INFO	Stopped listening on port 61858

###!!! [Child][RunMessage] Error: Channel closing: too late to send/recv, messages will be lost

1615532340796	geckodriver	INFO	Listening on 127.0.0.1:61901
1615532343830	mozrunner::runner	INFO	Running command: "C:\\Program Files\\Mozilla Firefox\\firefox.exe" "--marionette" "-foreground" "-no-remote" "-profile" "C:\\Users\\admin\\AppData\\Local\\Temp\\rust_mozprofilexQcgpg"
console.warn: SearchSettings: "get: No settings file exists, new profile?" (new Error("", "(unknown module)"))
1615532346383	Marionette	INFO	Listening on port 61910
1615532346515	Marionette	WARN	TLS certificate errors will be ignored for this session
1615532354152	Marionette	INFO	Stopped listening on port 61910

###!!! [Child][RunMessage] Error: Channel closing: too late to send/recv, messages will be lost

1615532672225	geckodriver	INFO	Listening on 127.0.0.1:62148
1615532675241	mozrunner::runner	INFO	Running command: "C:\\Program Files\\Mozilla Firefox\\firefox.exe" "--marionette" "-foreground" "-no-remote" "-profile" "C:\\Users\\admin\\AppData\\Local\\Temp\\rust_mozprofile138Bjo"
console.warn: SearchSettings: "get: No settings file exists, new profile?" (new Error("", "(unknown module)"))
1615532678575	Marionette	INFO	Listening on port 62158
1615532678918	Marionette	WARN	TLS certificate errors will be ignored for this session
1615532686387	Marionette	INFO	Stopped listening on port 62158

###!!! [Child][RunMessage] Error: Channel closing: too late to send/recv, messages will be lost

1615867875526	geckodriver	INFO	Listening on 127.0.0.1:59168
1615867878537	mozrunner::runner	INFO	Running command: "C:\\Program Files\\Mozilla Firefox\\firefox.exe" "--marionette" "--headless" "--disable-gpu" "blink-settings=imagesEnabled=false" "-foreground" "-no-remote" "-profile" "C:\\Users\\admin\\AppData\\Local\\Temp\\rust_mozprofileyD81aw"
*** You are running in headless mode.
console.warn: SearchSettings: "get: No settings file exists, new profile?" (new Error("", "(unknown module)"))
1615867881398	Marionette	INFO	Listening on port 59177
1615867881749	Marionette	WARN	TLS certificate errors will be ignored for this session
1615867885936	Marionette	INFO	Stopped listening on port 59177
JavaScript error: resource://gre/modules/AsyncShutdown.jsm, line 716: Error: Phase "Sqlite.jsm: wait until all connections are closed" is finished, it is too late to register completion condition "protections.sqlite#0: waiting for shutdown"
1615868261291	geckodriver	INFO	Listening on 127.0.0.1:59413
1615868264390	mozrunner::runner	INFO	Running command: "C:\\Program Files\\Mozilla Firefox\\firefox.exe" "--marionette" "--headless" "--disable-gpu" "blink-settings=imagesEnabled=false" "-foreground" "-no-remote" "-profile" "C:\\Users\\admin\\AppData\\Local\\Temp\\rust_mozprofilexWTLyC"
*** You are running in headless mode.
console.warn: SearchSettings: "get: No settings file exists, new profile?" (new Error("", "(unknown module)"))
1615868266064	Marionette	INFO	Listening on port 59425
1615868266445	Marionette	WARN	TLS certificate errors will be ignored for this session
1615868270550	Marionette	INFO	Stopped listening on port 59425
1615868354905	geckodriver	INFO	Listening on 127.0.0.1:59516
1615868357943	mozrunner::runner	INFO	Running command: "C:\\Program Files\\Mozilla Firefox\\firefox.exe" "--marionette" "--headless" "--disable-gpu" "blink-settings=imagesEnabled=false" "-foreground" "-no-remote" "-profile" "C:\\Users\\admin\\AppData\\Local\\Temp\\rust_mozprofile5bcrYT"
*** You are running in headless mode.
console.warn: SearchSettings: "get: No settings file exists, new profile?" (new Error("", "(unknown module)"))
1615868359574	Marionette	INFO	Listening on port 59525
1615868360008	Marionette	WARN	TLS certificate errors will be ignored for this session
console.error: services.settings: 
  main/message-groups Signature failed  TypeError: NetworkError when attempting to fetch resource.
console.error: services.settings: 
  main/fxmonitor-breaches Signature failed  TypeError: NetworkError when attempting to fetch resource.
console.error: services.settings: 
  main/partitioning-exempt-urls Signature failed  TypeError: NetworkError when attempting to fetch resource.
console.error: services.settings: 
  main/cfr-fxa Signature failed  TypeError: NetworkError when attempting to fetch resource.
console.error: services.settings: 
  main/cfr Signature failed  TypeError: NetworkError when attempting to fetch resource.
1615868364341	Marionette	INFO	Stopped listening on port 59525
JavaScript error: resource://activity-stream/lib/ASRouter.jsm, line 988: NS_ERROR_ILLEGAL_VALUE: Component returned failure code: 0x80070057 (NS_ERROR_ILLEGAL_VALUE) [nsIObserverService.removeObserver]
[Parent 7960, IPC I/O Parent] WARNING: file /builds/worker/checkouts/gecko/ipc/chromium/src/base/process_util_win.cc:167
1615868371429	geckodriver	INFO	Listening on 127.0.0.1:59628
1615868374471	mozrunner::runner	INFO	Running command: "C:\\Program Files\\Mozilla Firefox\\firefox.exe" "--marionette" "--headless" "--disable-gpu" "blink-settings=imagesEnabled=false" "-foreground" "-no-remote" "-profile" "C:\\Users\\admin\\AppData\\Local\\Temp\\rust_mozprofileaKNN4H"
*** You are running in headless mode.
console.warn: SearchSettings: "get: No settings file exists, new profile?" (new Error("", "(unknown module)"))
1615868376412	Marionette	INFO	Listening on port 59637
1615868376539	Marionette	WARN	TLS certificate errors will be ignored for this session
console.error: services.settings: 
  main/fxmonitor-breaches Signature failed  TypeError: NetworkError when attempting to fetch resource.
console.error: services.settings: 
  main/message-groups Signature failed  TypeError: NetworkError when attempting to fetch resource.
console.error: services.settings: 
  main/partitioning-exempt-urls Signature failed  TypeError: NetworkError when attempting to fetch resource.
console.error: services.settings: 
  main/cfr-fxa Signature failed  TypeError: NetworkError when attempting to fetch resource.
1615868380537	Marionette	INFO	Stopped listening on port 59637
JavaScript error: resource://activity-stream/lib/ASRouter.jsm, line 988: NS_ERROR_ILLEGAL_VALUE: Component returned failure code: 0x80070057 (NS_ERROR_ILLEGAL_VALUE) [nsIObserverService.removeObserver]
console.error: services.settings: 
  main/cfr Signature failed  TypeError: NetworkError when attempting to fetch resource.
1615868393933	geckodriver	INFO	Listening on 127.0.0.1:59737
1615868397004	mozrunner::runner	INFO	Running command: "C:\\Program Files\\Mozilla Firefox\\firefox.exe" "--marionette" "--headless" "--disable-gpu" "blink-settings=imagesEnabled=false" "-foreground" "-no-remote" "-profile" "C:\\Users\\admin\\AppData\\Local\\Temp\\rust_mozprofile7qWJW8"
*** You are running in headless mode.
console.warn: SearchSettings: "get: No settings file exists, new profile?" (new Error("", "(unknown module)"))
1615868399070	Marionette	INFO	Listening on port 59747
1615868399108	Marionette	WARN	TLS certificate errors will be ignored for this session
1615868403342	Marionette	INFO	Stopped listening on port 59747
JavaScript error: resource://gre/modules/Sqlite.jsm, line 1030: Error: Sqlite.jsm has been shutdown. Cannot open connection to: C:\Users\admin\AppData\Local\Temp\rust_mozprofile7qWJW8\protections.sqlite
1615868446817	geckodriver	INFO	Listening on 127.0.0.1:59820
1615868449884	mozrunner::runner	INFO	Running command: "C:\\Program Files\\Mozilla Firefox\\firefox.exe" "--marionette" "--headless" "--disable-gpu" "blink-settings=imagesEnabled=false" "-foreground" "-no-remote" "-profile" "C:\\Users\\admin\\AppData\\Local\\Temp\\rust_mozprofilezsJJxN"
*** You are running in headless mode.
console.warn: SearchSettings: "get: No settings file exists, new profile?" (new Error("", "(unknown module)"))
1615868451779	Marionette	INFO	Listening on port 59830
1615868451942	Marionette	WARN	TLS certificate errors will be ignored for this session
1615868456631	Marionette	INFO	Stopped listening on port 59830
JavaScript error: resource://gre/modules/AsyncShutdown.jsm, line 716: Error: Phase "Sqlite.jsm: wait until all connections are closed" is finished, it is too late to register completion condition "protections.sqlite#0: waiting for shutdown"
1615868465596	geckodriver	INFO	Listening on 127.0.0.1:59886
1615868468653	mozrunner::runner	INFO	Running command: "C:\\Program Files\\Mozilla Firefox\\firefox.exe" "--marionette" "--headless" "--disable-gpu" "blink-settings=imagesEnabled=false" "-foreground" "-no-remote" "-profile" "C:\\Users\\admin\\AppData\\Local\\Temp\\rust_mozprofileFtny5w"
*** You are running in headless mode.
console.warn: SearchSettings: "get: No settings file exists, new profile?" (new Error("", "(unknown module)"))
1615868470282	Marionette	INFO	Listening on port 59895
1615868470740	Marionette	WARN	TLS certificate errors will be ignored for this session
1615868475530	Marionette	INFO	Stopped listening on port 59895
1615868513416	geckodriver	INFO	Listening on 127.0.0.1:59971
1615868516488	mozrunner::runner	INFO	Running command: "C:\\Program Files\\Mozilla Firefox\\firefox.exe" "--marionette" "--headless" "--disable-gpu" "blink-settings=imagesEnabled=false" "-foreground" "-no-remote" "-profile" "C:\\Users\\admin\\AppData\\Local\\Temp\\rust_mozprofileJE71ER"
*** You are running in headless mode.
console.warn: SearchSettings: "get: No settings file exists, new profile?" (new Error("", "(unknown module)"))
1615868518190	Marionette	INFO	Listening on port 59982
1615868518555	Marionette	WARN	TLS certificate errors will be ignored for this session
1615868523439	Marionette	INFO	Stopped listening on port 59982
1615868616179	geckodriver	INFO	Listening on 127.0.0.1:60089
1615868619219	mozrunner::runner	INFO	Running command: "C:\\Program Files\\Mozilla Firefox\\firefox.exe" "--marionette" "--headless" "--disable-gpu" "blink-settings=imagesEnabled=false" "-foreground" "-no-remote" "-profile" "C:\\Users\\admin\\AppData\\Local\\Temp\\rust_mozprofile38Rq20"
*** You are running in headless mode.
console.warn: SearchSettings: "get: No settings file exists, new profile?" (new Error("", "(unknown module)"))
1615868620895	Marionette	INFO	Listening on port 60100
1615868621281	Marionette	WARN	TLS certificate errors will be ignored for this session
console.error: services.settings: 
  main/fxmonitor-breaches Signature failed  TypeError: NetworkError when attempting to fetch resource.
console.error: services.settings: 
  main/message-groups Signature failed  TypeError: NetworkError when attempting to fetch resource.
console.error: services.settings: 
  main/cfr-fxa Signature failed  TypeError: NetworkError when attempting to fetch resource.
console.error: services.settings: 
  main/partitioning-exempt-urls Signature failed  TypeError: NetworkError when attempting to fetch resource.
console.error: services.settings: 
  main/cfr Signature failed  TypeError: NetworkError when attempting to fetch resource.
1615868626507	Marionette	INFO	Stopped listening on port 60100
JavaScript error: resource://activity-stream/lib/ASRouter.jsm, line 988: NS_ERROR_ILLEGAL_VALUE: Component returned failure code: 0x80070057 (NS_ERROR_ILLEGAL_VALUE) [nsIObserverService.removeObserver]
console.warn: services.settings: main/whats-new-panel sync interrupted by shutdown
1615868656180	geckodriver	INFO	Listening on 127.0.0.1:60216
1615868659223	mozrunner::runner	INFO	Running command: "C:\\Program Files\\Mozilla Firefox\\firefox.exe" "--marionette" "--headless" "--disable-gpu" "blink-settings=imagesEnabled=false" "-foreground" "-no-remote" "-profile" "C:\\Users\\admin\\AppData\\Local\\Temp\\rust_mozprofileTRdaBb"
*** You are running in headless mode.
console.warn: SearchSettings: "get: No settings file exists, new profile?" (new Error("", "(unknown module)"))
1615868660886	Marionette	INFO	Listening on port 60225
1615868661303	Marionette	WARN	TLS certificate errors will be ignored for this session
console.error: services.settings: 
  main/fxmonitor-breaches Signature failed  TypeError: NetworkError when attempting to fetch resource.
console.error: services.settings: 
  main/message-groups Signature failed  TypeError: NetworkError when attempting to fetch resource.
console.error: services.settings: 
  main/partitioning-exempt-urls Signature failed  TypeError: NetworkError when attempting to fetch resource.
console.error: services.settings: 
  main/cfr-fxa Signature failed  TypeError: NetworkError when attempting to fetch resource.
console.error: services.settings: 
  main/cfr Signature failed  TypeError: NetworkError when attempting to fetch resource.
1615868666462	Marionette	INFO	Stopped listening on port 60225
JavaScript error: resource://activity-stream/lib/ASRouter.jsm, line 988: NS_ERROR_ILLEGAL_VALUE: Component returned failure code: 0x80070057 (NS_ERROR_ILLEGAL_VALUE) [nsIObserverService.removeObserver]
[Parent 8924, IPC I/O Parent] WARNING: file /builds/worker/checkouts/gecko/ipc/chromium/src/base/process_util_win.cc:167
JavaScript error: resource://gre/modules/AsyncShutdown.jsm, line 716: Error: Phase "Sqlite.jsm: wait until all connections are closed" is finished, it is too late to register completion condition "protections.sqlite#0: waiting for shutdown"
1615868761608	geckodriver	INFO	Listening on 127.0.0.1:60377
1615868764666	mozrunner::runner	INFO	Running command: "C:\\Program Files\\Mozilla Firefox\\firefox.exe" "--marionette" "--headless" "--disable-gpu" "blink-settings=imagesEnabled=false" "-foreground" "-no-remote" "-profile" "C:\\Users\\admin\\AppData\\Local\\Temp\\rust_mozprofilebWSaRh"
*** You are running in headless mode.
console.warn: SearchSettings: "get: No settings file exists, new profile?" (new Error("", "(unknown module)"))
1615868766566	Marionette	INFO	Listening on port 60388
1615868766729	Marionette	WARN	TLS certificate errors will be ignored for this session
1615868772025	Marionette	INFO	Stopped listening on port 60388
JavaScript error: resource://gre/modules/Sqlite.jsm, line 1030: Error: Sqlite.jsm has been shutdown. Cannot open connection to: C:\Users\admin\AppData\Local\Temp\rust_mozprofilebWSaRh\protections.sqlite
1615868789951	geckodriver	INFO	Listening on 127.0.0.1:60449
1615868793001	mozrunner::runner	INFO	Running command: "C:\\Program Files\\Mozilla Firefox\\firefox.exe" "--marionette" "--headless" "--disable-gpu" "blink-settings=imagesEnabled=false" "-foreground" "-no-remote" "-profile" "C:\\Users\\admin\\AppData\\Local\\Temp\\rust_mozprofile9uBB67"
*** You are running in headless mode.
console.warn: SearchSettings: "get: No settings file exists, new profile?" (new Error("", "(unknown module)"))
1615868794755	Marionette	INFO	Listening on port 60459
1615868795068	Marionette	WARN	TLS certificate errors will be ignored for this session
1615868800931	Marionette	INFO	Stopped listening on port 60459
1615868825152	geckodriver	INFO	Listening on 127.0.0.1:60525
1615868828209	mozrunner::runner	INFO	Running command: "C:\\Program Files\\Mozilla Firefox\\firefox.exe" "--marionette" "--headless" "--disable-gpu" "blink-settings=imagesEnabled=false" "-foreground" "-no-remote" "-profile" "C:\\Users\\admin\\AppData\\Local\\Temp\\rust_mozprofileZwPbjv"
*** You are running in headless mode.
console.warn: SearchSettings: "get: No settings file exists, new profile?" (new Error("", "(unknown module)"))
1615868829845	Marionette	INFO	Listening on port 60535
1615868830277	Marionette	WARN	TLS certificate errors will be ignored for this session
1615868835873	Marionette	INFO	Stopped listening on port 60535
JavaScript error: resource://gre/modules/AsyncShutdown.jsm, line 716: Error: Phase "Sqlite.jsm: wait until all connections are closed" is finished, it is too late to register completion condition "protections.sqlite#0: waiting for shutdown"
1615868868871	geckodriver	INFO	Listening on 127.0.0.1:60613
1615868871925	mozrunner::runner	INFO	Running command: "C:\\Program Files\\Mozilla Firefox\\firefox.exe" "--marionette" "--headless" "--disable-gpu" "blink-settings=imagesEnabled=false" "-foreground" "-no-remote" "-profile" "C:\\Users\\admin\\AppData\\Local\\Temp\\rust_mozprofile3xA8V8"
*** You are running in headless mode.
console.warn: SearchSettings: "get: No settings file exists, new profile?" (new Error("", "(unknown module)"))
1615868873520	Marionette	INFO	Listening on port 60623
1615868873976	Marionette	WARN	TLS certificate errors will be ignored for this session
1615868878334	Marionette	INFO	Stopped listening on port 60623
1615868958425	geckodriver	INFO	Listening on 127.0.0.1:60719
1615868961493	mozrunner::runner	INFO	Running command: "C:\\Program Files\\Mozilla Firefox\\firefox.exe" "--marionette" "--headless" "--disable-gpu" "blink-settings=imagesEnabled=false" "-foreground" "-no-remote" "-profile" "C:\\Users\\admin\\AppData\\Local\\Temp\\rust_mozprofileRbovBL"
*** You are running in headless mode.
console.warn: SearchSettings: "get: No settings file exists, new profile?" (new Error("", "(unknown module)"))
1615868963098	Marionette	INFO	Listening on port 60729
1615868963571	Marionette	WARN	TLS certificate errors will be ignored for this session
1615868967943	Marionette	INFO	Stopped listening on port 60729
1615869003726	geckodriver	INFO	Listening on 127.0.0.1:60799
1615869006773	mozrunner::runner	INFO	Running command: "C:\\Program Files\\Mozilla Firefox\\firefox.exe" "--marionette" "--headless" "--disable-gpu" "blink-settings=imagesEnabled=false" "-foreground" "-no-remote" "-profile" "C:\\Users\\admin\\AppData\\Local\\Temp\\rust_mozprofileRASgMx"
*** You are running in headless mode.
console.warn: SearchSettings: "get: No settings file exists, new profile?" (new Error("", "(unknown module)"))
1615869008437	Marionette	INFO	Listening on port 60809
1615869008850	Marionette	WARN	TLS certificate errors will be ignored for this session
1615869013702	Marionette	INFO	Stopped listening on port 60809
JavaScript error: resource://gre/modules/AsyncShutdown.jsm, line 716: Error: Phase "Sqlite.jsm: wait until all connections are closed" is finished, it is too late to register completion condition "protections.sqlite#0: waiting for shutdown"
1615869087020	geckodriver	INFO	Listening on 127.0.0.1:60907
1615869090090	mozrunner::runner	INFO	Running command: "C:\\Program Files\\Mozilla Firefox\\firefox.exe" "--marionette" "--headless" "--disable-gpu" "blink-settings=imagesEnabled=false" "-foreground" "-no-remote" "-profile" "C:\\Users\\admin\\AppData\\Local\\Temp\\rust_mozprofileZPcRAj"
*** You are running in headless mode.
console.warn: SearchSettings: "get: No settings file exists, new profile?" (new Error("", "(unknown module)"))
1615869091698	Marionette	INFO	Listening on port 60916
1615869092236	Marionette	WARN	TLS certificate errors will be ignored for this session
1615869096785	Marionette	INFO	Stopped listening on port 60916
JavaScript error: resource://gre/modules/AsyncShutdown.jsm, line 716: Error: Phase "Sqlite.jsm: wait until all connections are closed" is finished, it is too late to register completion condition "protections.sqlite#0: waiting for shutdown"
1615869134490	geckodriver	INFO	Listening on 127.0.0.1:60993
1615869137552	mozrunner::runner	INFO	Running command: "C:\\Program Files\\Mozilla Firefox\\firefox.exe" "--marionette" "--headless" "--disable-gpu" "blink-settings=imagesEnabled=false" "-foreground" "-no-remote" "-profile" "C:\\Users\\admin\\AppData\\Local\\Temp\\rust_mozprofileiv3gTl"
*** You are running in headless mode.
console.warn: SearchSettings: "get: No settings file exists, new profile?" (new Error("", "(unknown module)"))
JavaScript error: chrome://browser/content/places/browserPlacesViews.js, line 131: Error: No DOM node set for aPlacesNode.
node.type: 0. node.parent: [xpconnect wrapped nsINavHistoryResultNode]
1615869139549	Marionette	INFO	Listening on port 61003
1615869139605	Marionette	WARN	TLS certificate errors will be ignored for this session
1615869143634	Marionette	INFO	Stopped listening on port 61003
1615869320005	geckodriver	INFO	Listening on 127.0.0.1:61144
1615869323076	mozrunner::runner	INFO	Running command: "C:\\Program Files\\Mozilla Firefox\\firefox.exe" "--marionette" "--headless" "--disable-gpu" "blink-settings=imagesEnabled=false" "-foreground" "-no-remote" "-profile" "C:\\Users\\admin\\AppData\\Local\\Temp\\rust_mozprofileUaqncf"
*** You are running in headless mode.
console.warn: SearchSettings: "get: No settings file exists, new profile?" (new Error("", "(unknown module)"))
1615869324666	Marionette	INFO	Listening on port 61154
1615869325141	Marionette	WARN	TLS certificate errors will be ignored for this session
1615869330235	Marionette	INFO	Stopped listening on port 61154
1615869505829	geckodriver	INFO	Listening on 127.0.0.1:61306
1615869508859	mozrunner::runner	INFO	Running command: "C:\\Program Files\\Mozilla Firefox\\firefox.exe" "--marionette" "--headless" "--disable-gpu" "blink-settings=imagesEnabled=false" "-foreground" "-no-remote" "-profile" "C:\\Users\\admin\\AppData\\Local\\Temp\\rust_mozprofilevJcMr9"
*** You are running in headless mode.
console.warn: SearchSettings: "get: No settings file exists, new profile?" (new Error("", "(unknown module)"))
1615869510725	Marionette	INFO	Listening on port 61314
1615869510903	Marionette	WARN	TLS certificate errors will be ignored for this session
console.error: services.settings: 
  main/fxmonitor-breaches Signature failed  TypeError: NetworkError when attempting to fetch resource.
console.error: services.settings: 
  main/message-groups Signature failed  TypeError: NetworkError when attempting to fetch resource.
console.error: services.settings: 
  main/partitioning-exempt-urls Signature failed  TypeError: NetworkError when attempting to fetch resource.
console.error: services.settings: 
  main/cfr-fxa Signature failed  TypeError: NetworkError when attempting to fetch resource.
1615869515533	Marionette	INFO	Stopped listening on port 61314
JavaScript error: resource://activity-stream/lib/ASRouter.jsm, line 988: NS_ERROR_ILLEGAL_VALUE: Component returned failure code: 0x80070057 (NS_ERROR_ILLEGAL_VALUE) [nsIObserverService.removeObserver]
console.error: services.settings: 
  main/cfr Signature failed  TypeError: NetworkError when attempting to fetch resource.

###!!! [Parent][RunMessage] Error: Channel closing: too late to send/recv, messages will be lost

1615869947218	geckodriver	INFO	Listening on 127.0.0.1:61522
1615869950260	mozrunner::runner	INFO	Running command: "C:\\Program Files\\Mozilla Firefox\\firefox.exe" "--marionette" "--headless" "--disable-gpu" "blink-settings=imagesEnabled=false" "-foreground" "-no-remote" "-profile" "C:\\Users\\admin\\AppData\\Local\\Temp\\rust_mozprofileQCozFD"
*** You are running in headless mode.
console.warn: SearchSettings: "get: No settings file exists, new profile?" (new Error("", "(unknown module)"))
1615869951961	Marionette	INFO	Listening on port 61530
1615869952287	Marionette	WARN	TLS certificate errors will be ignored for this session
1615869957008	Marionette	INFO	Stopped listening on port 61530
JavaScript error: resource://gre/modules/AsyncShutdown.jsm, line 716: Error: Phase "Sqlite.jsm: wait until all connections are closed" is finished, it is too late to register completion condition "protections.sqlite#0: waiting for shutdown"
1615870020144	geckodriver	INFO	Listening on 127.0.0.1:61600
1615870023185	mozrunner::runner	INFO	Running command: "C:\\Program Files\\Mozilla Firefox\\firefox.exe" "--marionette" "--headless" "--disable-gpu" "blink-settings=imagesEnabled=false" "-foreground" "-no-remote" "-profile" "C:\\Users\\admin\\AppData\\Local\\Temp\\rust_mozprofilehUXVnE"
*** You are running in headless mode.
console.warn: SearchSettings: "get: No settings file exists, new profile?" (new Error("", "(unknown module)"))
1615870024834	Marionette	INFO	Listening on port 61609
1615870025210	Marionette	WARN	TLS certificate errors will be ignored for this session
console.error: services.settings: 
  main/fxmonitor-breaches Signature failed  TypeError: NetworkError when attempting to fetch resource.
console.error: services.settings: 
  main/message-groups Signature failed  TypeError: NetworkError when attempting to fetch resource.
console.error: services.settings: 
  main/partitioning-exempt-urls Signature failed  TypeError: NetworkError when attempting to fetch resource.
console.error: services.settings: 
  main/cfr-fxa Signature failed  TypeError: NetworkError when attempting to fetch resource.
1615870029298	Marionette	INFO	Stopped listening on port 61609
JavaScript error: resource://activity-stream/lib/ASRouter.jsm, line 988: NS_ERROR_ILLEGAL_VALUE: Component returned failure code: 0x80070057 (NS_ERROR_ILLEGAL_VALUE) [nsIObserverService.removeObserver]
console.error: services.settings: 
  main/cfr Signature failed  TypeError: NetworkError when attempting to fetch resource.
1615870053913	geckodriver	INFO	Listening on 127.0.0.1:61710
1615870056944	mozrunner::runner	INFO	Running command: "C:\\Program Files\\Mozilla Firefox\\firefox.exe" "--marionette" "--headless" "--disable-gpu" "blink-settings=imagesEnabled=false" "-foreground" "-no-remote" "-profile" "C:\\Users\\admin\\AppData\\Local\\Temp\\rust_mozprofileKbSfzl"
*** You are running in headless mode.
console.warn: SearchSettings: "get: No settings file exists, new profile?" (new Error("", "(unknown module)"))
1615870058625	Marionette	INFO	Listening on port 61718
1615870058969	Marionette	WARN	TLS certificate errors will be ignored for this session
1615870062899	Marionette	INFO	Stopped listening on port 61718
1615870316584	geckodriver	INFO	Listening on 127.0.0.1:61797
1615870319625	mozrunner::runner	INFO	Running command: "C:\\Program Files\\Mozilla Firefox\\firefox.exe" "--marionette" "--headless" "--disable-gpu" "blink-settings=imagesEnabled=false" "-foreground" "-no-remote" "-profile" "C:\\Users\\admin\\AppData\\Local\\Temp\\rust_mozprofilegdX8Jr"
*** You are running in headless mode.
console.warn: SearchSettings: "get: No settings file exists, new profile?" (new Error("", "(unknown module)"))
1615870321415	Marionette	INFO	Listening on port 61805
1615870321666	Marionette	WARN	TLS certificate errors will be ignored for this session
console.error: services.settings: 
  main/fxmonitor-breaches Signature failed  TypeError: NetworkError when attempting to fetch resource.
console.error: services.settings: 
  main/message-groups Signature failed  TypeError: NetworkError when attempting to fetch resource.
console.error: services.settings: 
  main/partitioning-exempt-urls Signature failed  TypeError: NetworkError when attempting to fetch resource.
console.error: services.settings: 
  main/cfr-fxa Signature failed  TypeError: NetworkError when attempting to fetch resource.
1615870326585	Marionette	INFO	Stopped listening on port 61805
console.error: services.settings: 
  main/cfr Signature failed  TypeError: NetworkError when attempting to fetch resource.
JavaScript error: resource://activity-stream/lib/ASRouter.jsm, line 988: NS_ERROR_ILLEGAL_VALUE: Component returned failure code: 0x80070057 (NS_ERROR_ILLEGAL_VALUE) [nsIObserverService.removeObserver]
1615870412744	geckodriver	INFO	Listening on 127.0.0.1:61916
1615870415776	mozrunner::runner	INFO	Running command: "C:\\Program Files\\Mozilla Firefox\\firefox.exe" "--marionette" "--headless" "--disable-gpu" "blink-settings=imagesEnabled=false" "-foreground" "-no-remote" "-profile" "C:\\Users\\admin\\AppData\\Local\\Temp\\rust_mozprofileIP8GQz"
*** You are running in headless mode.
console.warn: SearchSettings: "get: No settings file exists, new profile?" (new Error("", "(unknown module)"))
1615870417624	Marionette	INFO	Listening on port 61924
1615870418016	Marionette	WARN	TLS certificate errors will be ignored for this session
console.error: services.settings: 
  main/fxmonitor-breaches Signature failed  TypeError: NetworkError when attempting to fetch resource.
console.error: services.settings: 
  main/message-groups Signature failed  TypeError: NetworkError when attempting to fetch resource.
console.error: services.settings: 
  main/partitioning-exempt-urls Signature failed  TypeError: NetworkError when attempting to fetch resource.
console.error: services.settings: 
  main/cfr-fxa Signature failed  TypeError: NetworkError when attempting to fetch resource.
1615870422088	Marionette	INFO	Stopped listening on port 61924
JavaScript error: resource://activity-stream/lib/ASRouter.jsm, line 988: NS_ERROR_ILLEGAL_VALUE: Component returned failure code: 0x80070057 (NS_ERROR_ILLEGAL_VALUE) [nsIObserverService.removeObserver]
console.error: services.settings: 
  main/cfr Signature failed  TypeError: NetworkError when attempting to fetch resource.
[Parent 8984, IPC I/O Parent] WARNING: file /builds/worker/checkouts/gecko/ipc/chromium/src/base/process_util_win.cc:167
1615878433127	geckodriver	INFO	Listening on 127.0.0.1:63934
1615878436169	mozrunner::runner	INFO	Running command: "C:\\Program Files\\Mozilla Firefox\\firefox.exe" "--marionette" "--headless" "--disable-gpu" "blink-settings=imagesEnabled=false" "-foreground" "-no-remote" "-profile" "C:\\Users\\admin\\AppData\\Local\\Temp\\rust_mozprofile7cAJL5"
*** You are running in headless mode.
console.warn: SearchSettings: "get: No settings file exists, new profile?" (new Error("", "(unknown module)"))
1615878438779	Marionette	INFO	Listening on port 63943
1615878438853	Marionette	WARN	TLS certificate errors will be ignored for this session
1615878442867	Marionette	INFO	Stopped listening on port 63943
JavaScript error: resource://gre/modules/AsyncShutdown.jsm, line 716: Error: Phase "Sqlite.jsm: wait until all connections are closed" is finished, it is too late to register completion condition "protections.sqlite#0: waiting for shutdown"
1615878682780	geckodriver	INFO	Listening on 127.0.0.1:64105
1615878685783	mozrunner::runner	INFO	Running command: "C:\\Program Files\\Mozilla Firefox\\firefox.exe" "--marionette" "--headless" "--disable-gpu" "blink-settings=imagesEnabled=false" "-foreground" "-no-remote" "-profile" "C:\\Users\\admin\\AppData\\Local\\Temp\\rust_mozprofilemfd9Y4"
*** You are running in headless mode.
console.warn: SearchSettings: "get: No settings file exists, new profile?" (new Error("", "(unknown module)"))
1615878687427	Marionette	INFO	Listening on port 64115
1615878687821	Marionette	WARN	TLS certificate errors will be ignored for this session
console.error: services.settings: 
  main/fxmonitor-breaches Signature failed  TypeError: NetworkError when attempting to fetch resource.
console.error: services.settings: 
  main/message-groups Signature failed  TypeError: NetworkError when attempting to fetch resource.
console.error: services.settings: 
  main/partitioning-exempt-urls Signature failed  TypeError: NetworkError when attempting to fetch resource.
console.error: services.settings: 
  main/cfr-fxa Signature failed  TypeError: NetworkError when attempting to fetch resource.
1615878692916	Marionette	INFO	Stopped listening on port 64115
JavaScript error: resource://activity-stream/lib/ASRouter.jsm, line 988: NS_ERROR_ILLEGAL_VALUE: Component returned failure code: 0x80070057 (NS_ERROR_ILLEGAL_VALUE) [nsIObserverService.removeObserver]
console.error: services.settings: 
  main/cfr Signature failed  TypeError: NetworkError when attempting to fetch resource.
JavaScript error: resource://gre/modules/AsyncShutdown.jsm, line 716: Error: Phase "Sqlite.jsm: wait until all connections are closed" is finished, it is too late to register completion condition "protections.sqlite#0: waiting for shutdown"
1615878728761	geckodriver	INFO	Listening on 127.0.0.1:64230
1615878731779	mozrunner::runner	INFO	Running command: "C:\\Program Files\\Mozilla Firefox\\firefox.exe" "--marionette" "--headless" "--disable-gpu" "blink-settings=imagesEnabled=false" "-foreground" "-no-remote" "-profile" "C:\\Users\\admin\\AppData\\Local\\Temp\\rust_mozprofileR33G3W"
*** You are running in headless mode.
console.warn: SearchSettings: "get: No settings file exists, new profile?" (new Error("", "(unknown module)"))
1615878733427	Marionette	INFO	Listening on port 64239
1615878733816	Marionette	WARN	TLS certificate errors will be ignored for this session
1615878738281	Marionette	INFO	Stopped listening on port 64239
1615878809560	geckodriver	INFO	Listening on 127.0.0.1:64322
1615878812592	mozrunner::runner	INFO	Running command: "C:\\Program Files\\Mozilla Firefox\\firefox.exe" "--marionette" "--headless" "--disable-gpu" "blink-settings=imagesEnabled=false" "-foreground" "-no-remote" "-profile" "C:\\Users\\admin\\AppData\\Local\\Temp\\rust_mozprofileDDAzE5"
*** You are running in headless mode.
console.warn: SearchSettings: "get: No settings file exists, new profile?" (new Error("", "(unknown module)"))
1615878814243	Marionette	INFO	Listening on port 64332
1615878814646	Marionette	WARN	TLS certificate errors will be ignored for this session
console.error: services.settings: 
  main/partitioning-exempt-urls Signature failed  TypeError: NetworkError when attempting to fetch resource.
1615878819144	Marionette	INFO	Stopped listening on port 64332
JavaScript error: resource://gre/modules/AsyncShutdown.jsm, line 716: Error: Phase "Sqlite.jsm: wait until all connections are closed" is finished, it is too late to register completion condition "protections.sqlite#0: waiting for shutdown"
1615878861258	geckodriver	INFO	Listening on 127.0.0.1:64413
1615878864309	mozrunner::runner	INFO	Running command: "C:\\Program Files\\Mozilla Firefox\\firefox.exe" "--marionette" "--headless" "--disable-gpu" "blink-settings=imagesEnabled=false" "-foreground" "-no-remote" "-profile" "C:\\Users\\admin\\AppData\\Local\\Temp\\rust_mozprofilenLYRic"
*** You are running in headless mode.
console.warn: SearchSettings: "get: No settings file exists, new profile?" (new Error("", "(unknown module)"))
1615878865911	Marionette	INFO	Listening on port 64422
1615878866346	Marionette	WARN	TLS certificate errors will be ignored for this session
1615878870869	Marionette	INFO	Stopped listening on port 64422
JavaScript error: resource://gre/modules/AsyncShutdown.jsm, line 716: Error: Phase "Sqlite.jsm: wait until all connections are closed" is finished, it is too late to register completion condition "protections.sqlite#0: waiting for shutdown"
1615879056462	geckodriver	INFO	Listening on 127.0.0.1:64564
1615879059496	mozrunner::runner	INFO	Running command: "C:\\Program Files\\Mozilla Firefox\\firefox.exe" "--marionette" "--headless" "--disable-gpu" "blink-settings=imagesEnabled=false" "-foreground" "-no-remote" "-profile" "C:\\Users\\admin\\AppData\\Local\\Temp\\rust_mozprofileK8QZAu"
*** You are running in headless mode.
console.warn: SearchSettings: "get: No settings file exists, new profile?" (new Error("", "(unknown module)"))
1615879061073	Marionette	INFO	Listening on port 64573
1615879061560	Marionette	WARN	TLS certificate errors will be ignored for this session
1615879066875	Marionette	INFO	Stopped listening on port 64573
1615879302635	geckodriver	INFO	Listening on 127.0.0.1:64753
1615879305640	mozrunner::runner	INFO	Running command: "C:\\Program Files\\Mozilla Firefox\\firefox.exe" "--marionette" "--headless" "--disable-gpu" "blink-settings=imagesEnabled=false" "-foreground" "-no-remote" "-profile" "C:\\Users\\admin\\AppData\\Local\\Temp\\rust_mozprofileXvoeXU"
*** You are running in headless mode.
console.warn: SearchSettings: "get: No settings file exists, new profile?" (new Error("", "(unknown module)"))
1615879307233	Marionette	INFO	Listening on port 64762
1615879307701	Marionette	WARN	TLS certificate errors will be ignored for this session
1615879312504	Marionette	INFO	Stopped listening on port 64762
JavaScript error: resource://gre/modules/AsyncShutdown.jsm, line 716: Error: Phase "Sqlite.jsm: wait until all connections are closed" is finished, it is too late to register completion condition "protections.sqlite#0: waiting for shutdown"
1616211002239	geckodriver	INFO	Listening on 127.0.0.1:50503
1616211005322	mozrunner::runner	INFO	Running command: "C:\\Program Files\\Mozilla Firefox\\firefox.exe" "--marionette" "--headless" "--disable-gpu" "blink-settings=imagesEnabled=false" "-foreground" "-no-remote" "-profile" "C:\\Users\\admin\\AppData\\Local\\Temp\\rust_mozprofile1zoxkb"
*** You are running in headless mode.
console.warn: SearchSettings: "get: No settings file exists, new profile?" (new Error("", "(unknown module)"))
1616211008029	Marionette	INFO	Listening on port 50513
1616211008492	Marionette	WARN	TLS certificate errors will be ignored for this session
1616211014908	Marionette	INFO	Stopped listening on port 50513
JavaScript error: resource://gre/modules/AsyncShutdown.jsm, line 716: Error: Phase "Sqlite.jsm: wait until all connections are closed" is finished, it is too late to register completion condition "protections.sqlite#0: waiting for shutdown"

###!!! [Parent][RunMessage] Error: Channel closing: too late to send/recv, messages will be lost

1616211027852	geckodriver	INFO	Listening on 127.0.0.1:50595
1616211030872	mozrunner::runner	INFO	Running command: "C:\\Program Files\\Mozilla Firefox\\firefox.exe" "--marionette" "--headless" "--disable-gpu" "blink-settings=imagesEnabled=false" "-foreground" "-no-remote" "-profile" "C:\\Users\\admin\\AppData\\Local\\Temp\\rust_mozprofileDrBnXn"
*** You are running in headless mode.
console.warn: SearchSettings: "get: No settings file exists, new profile?" (new Error("", "(unknown module)"))
1616211032918	Marionette	INFO	Listening on port 50605
1616211033005	Marionette	WARN	TLS certificate errors will be ignored for this session
1616211038442	Marionette	INFO	Stopped listening on port 50605
JavaScript error: resource://gre/modules/Sqlite.jsm, line 1030: Error: Sqlite.jsm has been shutdown. Cannot open connection to: C:\Users\admin\AppData\Local\Temp\rust_mozprofileDrBnXn\protections.sqlite
1616211190743	geckodriver	INFO	Listening on 127.0.0.1:50900
1616211193764	mozrunner::runner	INFO	Running command: "C:\\Program Files\\Mozilla Firefox\\firefox.exe" "--marionette" "--headless" "--disable-gpu" "blink-settings=imagesEnabled=false" "-foreground" "-no-remote" "-profile" "C:\\Users\\admin\\AppData\\Local\\Temp\\rust_mozprofile7oT2bW"
*** You are running in headless mode.
console.warn: SearchSettings: "get: No settings file exists, new profile?" (new Error("", "(unknown module)"))
1616211195493	Marionette	INFO	Listening on port 50910
1616211195790	Marionette	WARN	TLS certificate errors will be ignored for this session
1616211200012	Marionette	INFO	Stopped listening on port 50910
JavaScript error: resource://gre/modules/AsyncShutdown.jsm, line 716: Error: Phase "Sqlite.jsm: wait until all connections are closed" is finished, it is too late to register completion condition "protections.sqlite#0: waiting for shutdown"
1616211233142	geckodriver	INFO	Listening on 127.0.0.1:50986
1616211236173	mozrunner::runner	INFO	Running command: "C:\\Program Files\\Mozilla Firefox\\firefox.exe" "--marionette" "--headless" "--disable-gpu" "blink-settings=imagesEnabled=false" "-foreground" "-no-remote" "-profile" "C:\\Users\\admin\\AppData\\Local\\Temp\\rust_mozprofileejNDvj"
*** You are running in headless mode.
console.warn: SearchSettings: "get: No settings file exists, new profile?" (new Error("", "(unknown module)"))
1616211237856	Marionette	INFO	Listening on port 50996
1616211238198	Marionette	WARN	TLS certificate errors will be ignored for this session
1616211242325	Marionette	INFO	Stopped listening on port 50996
1616211378029	geckodriver	INFO	Listening on 127.0.0.1:51241
1616211381048	mozrunner::runner	INFO	Running command: "C:\\Program Files\\Mozilla Firefox\\firefox.exe" "--marionette" "--headless" "--disable-gpu" "blink-settings=imagesEnabled=false" "-foreground" "-no-remote" "-profile" "C:\\Users\\admin\\AppData\\Local\\Temp\\rust_mozprofileV7iHAx"
*** You are running in headless mode.
console.warn: SearchSettings: "get: No settings file exists, new profile?" (new Error("", "(unknown module)"))
1616211382803	Marionette	INFO	Listening on port 51252
1616211383073	Marionette	WARN	TLS certificate errors will be ignored for this session
1616211388403	Marionette	INFO	Stopped listening on port 51252
1623135384745	geckodriver	INFO	Listening on 127.0.0.1:51936
1623135387466	mozrunner::runner	INFO	Running command: "C:\\Program Files\\Mozilla Firefox\\firefox.exe" "--marionette" "--headless" "--disable-gpu" "blink-settings=imagesEnabled=false" "-foreground" "-no-remote" "-profile" "C:\\Users\\admin\\AppData\\Local\\Temp\\rust_mozprofilecA7AKg"
*** You are running in headless mode.
1623135388938	Marionette	INFO	Marionette enabled
console.warn: SearchSettings: "get: No settings file exists, new profile?" (new Error("", "(unknown module)"))
1623135391140	Marionette	INFO	Listening on port 51944
1623135391668	Marionette	WARN	TLS certificate errors will be ignored for this session
1623135395867	Marionette	INFO	Stopped listening on port 51944
1623135793683	geckodriver	INFO	Listening on 127.0.0.1:52217
1623135796654	mozrunner::runner	INFO	Running command: "C:\\Program Files\\Mozilla Firefox\\firefox.exe" "--marionette" "blink-settings=imagesEnabled=false" "-foreground" "-no-remote" "-profile" "C:\\Users\\admin\\AppData\\Local\\Temp\\rust_mozprofileh6YER2"
1623135797284	Marionette	INFO	Marionette enabled
console.warn: SearchSettings: "get: No settings file exists, new profile?" (new Error("", "(unknown module)"))
1623135800139	Marionette	INFO	Listening on port 52226
1623135800345	Marionette	WARN	TLS certificate errors will be ignored for this session
1623135805837	Marionette	INFO	Stopped listening on port 52226

###!!! [Child][RunMessage] Error: Channel closing: too late to send/recv, messages will be lost

