1614907327142	geckodriver	INFO	Listening on 127.0.0.1:52391
1614907330182	mozrunner::runner	INFO	Running command: "C:\\Program Files\\Mozilla Firefox\\firefox.exe" "--marionette" "User-Agent=Mozilla/5.0 (Windows NT 10.0; Win64; x64; rv:85.0) Gecko/20100101 Firefox/85.0" "--no-sandbox" "--headless" "--disable-gpu" "-foreground" "-no-remote" "-profile" "C:\\Users\\admin\\AppData\\Local\\Temp\\rust_mozprofilexh4PKe"
*** You are running in headless mode.
ConvertWinError received an unrecognized WinError: 0x7b
console.warn: SearchSettings: "get: No settings file exists, new profile?" (new Error("", "(unknown module)"))
1614907331770	Marionette	INFO	Listening on port 52399
1614907332236	Marionette	WARN	TLS certificate errors will be ignored for this session
JavaScript error: https://price.21food.cn/resources/js/jquery.cookie.js line 1 > eval, line 1: TypeError: $(...).on is not a function
1614907370615	geckodriver	INFO	Listening on 127.0.0.1:52470
1614907373620	mozrunner::runner	INFO	Running command: "C:\\Program Files\\Mozilla Firefox\\firefox.exe" "--marionette" "User-Agent=Mozilla/5.0 (Windows NT 10.0; Win64; x64; rv:85.0) Gecko/20100101 Firefox/85.0" "--no-sandbox" "--headless" "--disable-gpu" "-foreground" "-no-remote" "-profile" "C:\\Users\\admin\\AppData\\Local\\Temp\\rust_mozprofileBWeRIW"
*** You are running in headless mode.
ConvertWinError received an unrecognized WinError: 0x7b
console.warn: SearchSettings: "get: No settings file exists, new profile?" (new Error("", "(unknown module)"))
1614907375532	Marionette	INFO	Listening on port 52478
1614907375679	Marionette	WARN	TLS certificate errors will be ignored for this session
JavaScript error: https://price.21food.cn/guoshu/shuiguo-p1.html, line 274: SyntaxError: "" string literal contains an unescaped line break
JavaScript error: https://price.21food.cn/guoshu/js/lightbox.js, line 3: SyntaxError: expected expression, got '<'
JavaScript error: https://price.21food.cn/guoshu/shuiguo-p1.html, line 47: TypeError: document.getElementById(...) is null
JavaScript error: https://price.21food.cn/resources/js/jquery.cookie.js line 1 > eval, line 1: TypeError: $(...).on is not a function
1614907391860	Marionette	INFO	Stopped listening on port 52478
1614907925546	geckodriver	INFO	Listening on 127.0.0.1:52679
1614907928552	mozrunner::runner	INFO	Running command: "C:\\Program Files\\Mozilla Firefox\\firefox.exe" "--marionette" "User-Agent=Mozilla/5.0 (Windows NT 10.0; Win64; x64; rv:85.0) Gecko/20100101 Firefox/85.0" "--no-sandbox" "--headless" "--disable-gpu" "-foreground" "-no-remote" "-profile" "C:\\Users\\admin\\AppData\\Local\\Temp\\rust_mozprofile8swCeU"
*** You are running in headless mode.
ConvertWinError received an unrecognized WinError: 0x7b
console.warn: SearchSettings: "get: No settings file exists, new profile?" (new Error("", "(unknown module)"))
1614907930228	Marionette	INFO	Listening on port 52690
1614907939934	geckodriver	INFO	Listening on 127.0.0.1:52708
1614907942980	mozrunner::runner	INFO	Running command: "C:\\Program Files\\Mozilla Firefox\\firefox.exe" "--marionette" "User-Agent=Mozilla/5.0 (Windows NT 10.0; Win64; x64; rv:85.0) Gecko/20100101 Firefox/85.0" "--no-sandbox" "--headless" "--disable-gpu" "-foreground" "-no-remote" "-profile" "C:\\Users\\admin\\AppData\\Local\\Temp\\rust_mozprofile1Ol7Lo"
*** You are running in headless mode.
ConvertWinError received an unrecognized WinError: 0x7b
console.warn: SearchSettings: "get: No settings file exists, new profile?" (new Error("", "(unknown module)"))
1614907944669	Marionette	INFO	Listening on port 52716
1614907945021	Marionette	WARN	TLS certificate errors will be ignored for this session
JavaScript error: https://price.21food.cn/guoshu/shuiguo-p1.html, line 274: SyntaxError: "" string literal contains an unescaped line break
JavaScript error: https://price.21food.cn/guoshu/js/lightbox.js, line 3: SyntaxError: expected expression, got '<'
JavaScript error: https://price.21food.cn/guoshu/shuiguo-p1.html, line 47: TypeError: document.getElementById(...) is null
JavaScript error: https://price.21food.cn/resources/js/jquery.cookie.js line 1 > eval, line 1: TypeError: $(...).on is not a function
1614907960798	Marionette	INFO	Stopped listening on port 52716
1614908018669	geckodriver	INFO	Listening on 127.0.0.1:52802
1614908021730	mozrunner::runner	INFO	Running command: "C:\\Program Files\\Mozilla Firefox\\firefox.exe" "--marionette" "User-Agent=Mozilla/5.0 (Windows NT 10.0; Win64; x64; rv:85.0) Gecko/20100101 Firefox/85.0" "--no-sandbox" "--headless" "--disable-gpu" "-foreground" "-no-remote" "-profile" "C:\\Users\\admin\\AppData\\Local\\Temp\\rust_mozprofileGGfhV6"
*** You are running in headless mode.
ConvertWinError received an unrecognized WinError: 0x7b
console.warn: SearchSettings: "get: No settings file exists, new profile?" (new Error("", "(unknown module)"))
1614908023318	Marionette	INFO	Listening on port 52810
1614908023779	Marionette	WARN	TLS certificate errors will be ignored for this session
JavaScript error: https://price.21food.cn/guoshu/shuiguo-p3.html, line 274: SyntaxError: "" string literal contains an unescaped line break
JavaScript error: https://price.21food.cn/guoshu/js/lightbox.js, line 3: SyntaxError: expected expression, got '<'
JavaScript error: https://price.21food.cn/guoshu/shuiguo-p3.html, line 47: TypeError: document.getElementById(...) is null
JavaScript error: https://price.21food.cn/resources/js/jquery.cookie.js line 1 > eval, line 1: TypeError: $(...).on is not a function
1614908038649	Marionette	INFO	Stopped listening on port 52810
1614908039664	geckodriver	INFO	Listening on 127.0.0.1:52890
1614908042717	mozrunner::runner	INFO	Running command: "C:\\Program Files\\Mozilla Firefox\\firefox.exe" "--marionette" "User-Agent=Mozilla/5.0 (Windows NT 10.0; Win64; x64; rv:85.0) Gecko/20100101 Firefox/85.0" "--no-sandbox" "--headless" "--disable-gpu" "-foreground" "-no-remote" "-profile" "C:\\Users\\admin\\AppData\\Local\\Temp\\rust_mozprofile4ADHY7"
*** You are running in headless mode.
ConvertWinError received an unrecognized WinError: 0x7b
console.warn: SearchSettings: "get: No settings file exists, new profile?" (new Error("", "(unknown module)"))
1614908044319	Marionette	INFO	Listening on port 52898
1614908044766	Marionette	WARN	TLS certificate errors will be ignored for this session
JavaScript error: https://price.21food.cn/guoshu/shuiguo-p8.html, line 274: SyntaxError: "" string literal contains an unescaped line break
JavaScript error: https://price.21food.cn/guoshu/shuiguo-p8.html, line 47: TypeError: document.getElementById(...) is null
JavaScript error: https://price.21food.cn/resources/js/jquery.cookie.js line 1 > eval, line 1: TypeError: $(...).on is not a function
1614908061655	Marionette	INFO	Stopped listening on port 52898
1614908129209	geckodriver	INFO	Listening on 127.0.0.1:53044
1614908132215	mozrunner::runner	INFO	Running command: "C:\\Program Files\\Mozilla Firefox\\firefox.exe" "--marionette" "User-Agent=Mozilla/5.0 (Windows NT 10.0; Win64; x64; rv:85.0) Gecko/20100101 Firefox/85.0" "--no-sandbox" "--headless" "--disable-gpu" "-foreground" "-no-remote" "-profile" "C:\\Users\\admin\\AppData\\Local\\Temp\\rust_mozprofileftkalz"
*** You are running in headless mode.
ConvertWinError received an unrecognized WinError: 0x7b
console.warn: SearchSettings: "get: No settings file exists, new profile?" (new Error("", "(unknown module)"))
1614908134264	Marionette	INFO	Listening on port 53052
1614908134401	Marionette	WARN	TLS certificate errors will be ignored for this session
JavaScript error: https://price.21food.cn/guoshu/shuiguo-p3.html, line 274: SyntaxError: "" string literal contains an unescaped line break
JavaScript error: https://price.21food.cn/guoshu/js/lightbox.js, line 3: SyntaxError: expected expression, got '<'
JavaScript error: https://price.21food.cn/guoshu/shuiguo-p3.html, line 47: TypeError: document.getElementById(...) is null
JavaScript error: https://price.21food.cn/resources/js/jquery.cookie.js line 1 > eval, line 1: TypeError: $(...).on is not a function
1614908148677	Marionette	INFO	Stopped listening on port 53052
1614908221238	geckodriver	INFO	Listening on 127.0.0.1:53198
1614908224292	mozrunner::runner	INFO	Running command: "C:\\Program Files\\Mozilla Firefox\\firefox.exe" "--marionette" "User-Agent=Mozilla/5.0 (Windows NT 10.0; Win64; x64; rv:85.0) Gecko/20100101 Firefox/85.0" "--no-sandbox" "--headless" "--disable-gpu" "-foreground" "-no-remote" "-profile" "C:\\Users\\admin\\AppData\\Local\\Temp\\rust_mozprofile4rOyzC"
*** You are running in headless mode.
ConvertWinError received an unrecognized WinError: 0x7b
console.warn: SearchSettings: "get: No settings file exists, new profile?" (new Error("", "(unknown module)"))
1614908225826	Marionette	INFO	Listening on port 53206
1614908226331	Marionette	WARN	TLS certificate errors will be ignored for this session
JavaScript error: https://price.21food.cn/guoshu/shuiguo-p1.html, line 274: SyntaxError: "" string literal contains an unescaped line break
JavaScript error: https://price.21food.cn/guoshu/js/lightbox.js, line 3: SyntaxError: expected expression, got '<'
JavaScript error: https://price.21food.cn/guoshu/shuiguo-p1.html, line 47: TypeError: document.getElementById(...) is null
JavaScript error: https://price.21food.cn/guoshu/shuiguo-p1.html, line 274: SyntaxError: "" string literal contains an unescaped line break
JavaScript error: https://price.21food.cn/guoshu/js/lightbox.js, line 3: SyntaxError: expected expression, got '<'
1614908240969	Marionette	INFO	Stopped listening on port 53206
1614908241966	geckodriver	INFO	Listening on 127.0.0.1:53269
1614908244995	mozrunner::runner	INFO	Running command: "C:\\Program Files\\Mozilla Firefox\\firefox.exe" "--marionette" "User-Agent=Mozilla/5.0 (Windows NT 10.0; Win64; x64; rv:85.0) Gecko/20100101 Firefox/85.0" "--no-sandbox" "--headless" "--disable-gpu" "-foreground" "-no-remote" "-profile" "C:\\Users\\admin\\AppData\\Local\\Temp\\rust_mozprofileGvTkCj"
*** You are running in headless mode.
ConvertWinError received an unrecognized WinError: 0x7b
console.warn: SearchSettings: "get: No settings file exists, new profile?" (new Error("", "(unknown module)"))
1614908246618	Marionette	INFO	Listening on port 53278
1614908247031	Marionette	WARN	TLS certificate errors will be ignored for this session
JavaScript error: https://price.21food.cn/guoshu/shuiguo-p1.html, line 274: SyntaxError: "" string literal contains an unescaped line break
JavaScript error: https://price.21food.cn/guoshu/js/lightbox.js, line 3: SyntaxError: expected expression, got '<'
JavaScript error: https://price.21food.cn/guoshu/shuiguo-p1.html, line 47: TypeError: document.getElementById(...) is null
JavaScript error: https://price.21food.cn/resources/js/jquery.cookie.js line 1 > eval, line 1: TypeError: $(...).on is not a function
1614908261555	Marionette	INFO	Stopped listening on port 53278
1614908517632	geckodriver	INFO	Listening on 127.0.0.1:53385
1614908520666	mozrunner::runner	INFO	Running command: "C:\\Program Files\\Mozilla Firefox\\firefox.exe" "--marionette" "User-Agent=Mozilla/5.0 (Windows NT 10.0; Win64; x64; rv:85.0) Gecko/20100101 Firefox/85.0" "--no-sandbox" "--headless" "--disable-gpu" "-foreground" "-no-remote" "-profile" "C:\\Users\\admin\\AppData\\Local\\Temp\\rust_mozprofile14kIhj"
*** You are running in headless mode.
ConvertWinError received an unrecognized WinError: 0x7b
console.warn: SearchSettings: "get: No settings file exists, new profile?" (new Error("", "(unknown module)"))
1614908522233	Marionette	INFO	Listening on port 53393
1614908522725	Marionette	WARN	TLS certificate errors will be ignored for this session
JavaScript error: https://price.21food.cn/guoshu/shuiguo-p8.html, line 274: SyntaxError: "" string literal contains an unescaped line break
JavaScript error: https://price.21food.cn/guoshu/js/lightbox.js, line 3: SyntaxError: expected expression, got '<'
JavaScript error: https://price.21food.cn/guoshu/shuiguo-p8.html, line 47: TypeError: document.getElementById(...) is null
JavaScript error: https://price.21food.cn/resources/js/jquery.cookie.js line 1 > eval, line 1: TypeError: $(...).on is not a function
1614908539261	Marionette	INFO	Stopped listening on port 53393
1614909503370	geckodriver	INFO	Listening on 127.0.0.1:53599
1614909506416	mozrunner::runner	INFO	Running command: "C:\\Program Files\\Mozilla Firefox\\firefox.exe" "--marionette" "User-Agent=Mozilla/5.0 (Windows NT 10.0; Win64; x64; rv:85.0) Gecko/20100101 Firefox/85.0" "--no-sandbox" "--headless" "--disable-gpu" "-foreground" "-no-remote" "-profile" "C:\\Users\\admin\\AppData\\Local\\Temp\\rust_mozprofileQIQetN"
*** You are running in headless mode.
ConvertWinError received an unrecognized WinError: 0x7b
console.warn: SearchSettings: "get: No settings file exists, new profile?" (new Error("", "(unknown module)"))
1614909508125	Marionette	INFO	Listening on port 53609
1614909508463	Marionette	WARN	TLS certificate errors will be ignored for this session
JavaScript error: https://price.21food.cn/guoshu/shuiguo-p8.html, line 274: SyntaxError: "" string literal contains an unescaped line break
JavaScript error: https://price.21food.cn/guoshu/js/lightbox.js, line 3: SyntaxError: expected expression, got '<'
JavaScript error: https://price.21food.cn/guoshu/shuiguo-p8.html, line 47: TypeError: document.getElementById(...) is null
JavaScript error: https://price.21food.cn/resources/js/jquery.cookie.js line 1 > eval, line 1: TypeError: $(...).on is not a function
1614909525068	Marionette	INFO	Stopped listening on port 53609
1614909626651	geckodriver	INFO	Listening on 127.0.0.1:53721
1614909629670	mozrunner::runner	INFO	Running command: "C:\\Program Files\\Mozilla Firefox\\firefox.exe" "--marionette" "User-Agent=Mozilla/5.0 (Windows NT 10.0; Win64; x64; rv:85.0) Gecko/20100101 Firefox/85.0" "--no-sandbox" "--headless" "--disable-gpu" "-foreground" "-no-remote" "-profile" "C:\\Users\\admin\\AppData\\Local\\Temp\\rust_mozprofilel9R9ef"
*** You are running in headless mode.
ConvertWinError received an unrecognized WinError: 0x7b
console.warn: SearchSettings: "get: No settings file exists, new profile?" (new Error("", "(unknown module)"))
1614909631485	Marionette	INFO	Listening on port 53729
1614909631726	Marionette	WARN	TLS certificate errors will be ignored for this session
JavaScript error: https://price.21food.cn/resources/js/jquery.cookie.js line 1 > eval, line 1: TypeError: $(...).on is not a function
1614909664605	geckodriver	INFO	Listening on 127.0.0.1:53809
1614909667622	mozrunner::runner	INFO	Running command: "C:\\Program Files\\Mozilla Firefox\\firefox.exe" "--marionette" "User-Agent=Mozilla/5.0 (Windows NT 10.0; Win64; x64; rv:85.0) Gecko/20100101 Firefox/85.0" "--no-sandbox" "--headless" "--disable-gpu" "-foreground" "-no-remote" "-profile" "C:\\Users\\admin\\AppData\\Local\\Temp\\rust_mozprofileXBOxYw"
*** You are running in headless mode.
ConvertWinError received an unrecognized WinError: 0x7b
console.warn: SearchSettings: "get: No settings file exists, new profile?" (new Error("", "(unknown module)"))
1614909669525	Marionette	INFO	Listening on port 53817
1614909669660	Marionette	WARN	TLS certificate errors will be ignored for this session
JavaScript error: https://price.21food.cn/guoshu/shuiguo-p1.html, line 274: SyntaxError: "" string literal contains an unescaped line break
JavaScript error: https://price.21food.cn/guoshu/js/lightbox.js, line 3: SyntaxError: expected expression, got '<'
JavaScript error: https://price.21food.cn/guoshu/shuiguo-p1.html, line 47: TypeError: document.getElementById(...) is null
JavaScript error: https://price.21food.cn/resources/js/jquery.cookie.js line 1 > eval, line 1: TypeError: $(...).on is not a function
1614909685586	Marionette	INFO	Stopped listening on port 53817
1614912547847	geckodriver	INFO	Listening on 127.0.0.1:54074
1614912550887	mozrunner::runner	INFO	Running command: "C:\\Program Files\\Mozilla Firefox\\firefox.exe" "--marionette" "User-Agent=Mozilla/5.0 (Windows NT 10.0; Win64; x64; rv:85.0) Gecko/20100101 Firefox/85.0" "--no-sandbox" "--headless" "--disable-gpu" "-foreground" "-no-remote" "-profile" "C:\\Users\\admin\\AppData\\Local\\Temp\\rust_mozprofileshkDF3"
*** You are running in headless mode.
ConvertWinError received an unrecognized WinError: 0x7b
console.warn: SearchSettings: "get: No settings file exists, new profile?" (new Error("", "(unknown module)"))
1614912552567	Marionette	INFO	Listening on port 54082
1614912552924	Marionette	WARN	TLS certificate errors will be ignored for this session
1614912692544	geckodriver	INFO	Listening on 127.0.0.1:54128
1614912695571	mozrunner::runner	INFO	Running command: "C:\\Program Files\\Mozilla Firefox\\firefox.exe" "--marionette" "User-Agent=Mozilla/5.0 (Windows NT 10.0; Win64; x64; rv:85.0) Gecko/20100101 Firefox/85.0" "--no-sandbox" "--headless" "--disable-gpu" "-foreground" "-no-remote" "-profile" "C:\\Users\\admin\\AppData\\Local\\Temp\\rust_mozprofileoJslKw"
*** You are running in headless mode.
ConvertWinError received an unrecognized WinError: 0x7b
console.warn: SearchSettings: "get: No settings file exists, new profile?" (new Error("", "(unknown module)"))
1614912697143	Marionette	INFO	Listening on port 54136
1614912697626	Marionette	WARN	TLS certificate errors will be ignored for this session
JavaScript error: https://price.21food.cn/guoshu/shuiguo-p1.html, line 274: SyntaxError: "" string literal contains an unescaped line break
JavaScript error: https://price.21food.cn/guoshu/js/lightbox.js, line 3: SyntaxError: expected expression, got '<'
JavaScript error: https://price.21food.cn/guoshu/shuiguo-p1.html, line 47: TypeError: document.getElementById(...) is null
JavaScript error: https://price.21food.cn/resources/js/jquery.cookie.js line 1 > eval, line 1: TypeError: $(...).on is not a function
1614912714318	Marionette	INFO	Stopped listening on port 54136
1614914079623	geckodriver	INFO	Listening on 127.0.0.1:54359
1614914082650	mozrunner::runner	INFO	Running command: "C:\\Program Files\\Mozilla Firefox\\firefox.exe" "--marionette" "User-Agent=Mozilla/5.0 (Windows NT 10.0; Win64; x64; rv:85.0) Gecko/20100101 Firefox/85.0" "--no-sandbox" "--headless" "--disable-gpu" "-foreground" "-no-remote" "-profile" "C:\\Users\\admin\\AppData\\Local\\Temp\\rust_mozprofileJJocUf"
*** You are running in headless mode.
ConvertWinError received an unrecognized WinError: 0x7b
console.warn: SearchSettings: "get: No settings file exists, new profile?" (new Error("", "(unknown module)"))
1614914084224	Marionette	INFO	Listening on port 54367
1614914084686	Marionette	WARN	TLS certificate errors will be ignored for this session
JavaScript error: https://price.21food.cn/guoshu/shuiguo/, line 274: SyntaxError: "" string literal contains an unescaped line break
JavaScript error: https://price.21food.cn/guoshu/shuiguo/js/lightbox.js, line 3: SyntaxError: expected expression, got '<'
JavaScript error: https://price.21food.cn/guoshu/shuiguo/, line 47: TypeError: document.getElementById(...) is null
JavaScript error: https://price.21food.cn/resources/js/jquery.cookie.js line 1 > eval, line 1: TypeError: $(...).on is not a function
1614914103294	Marionette	INFO	Stopped listening on port 54367
1614914126986	geckodriver	INFO	Listening on 127.0.0.1:54456
1614914130030	mozrunner::runner	INFO	Running command: "C:\\Program Files\\Mozilla Firefox\\firefox.exe" "--marionette" "User-Agent=Mozilla/5.0 (Windows NT 10.0; Win64; x64; rv:85.0) Gecko/20100101 Firefox/85.0" "--no-sandbox" "--headless" "--disable-gpu" "-foreground" "-no-remote" "-profile" "C:\\Users\\admin\\AppData\\Local\\Temp\\rust_mozprofile6o1qrV"
*** You are running in headless mode.
ConvertWinError received an unrecognized WinError: 0x7b
console.warn: SearchSettings: "get: No settings file exists, new profile?" (new Error("", "(unknown module)"))
1614914131580	Marionette	INFO	Listening on port 54464
1614914132082	Marionette	WARN	TLS certificate errors will be ignored for this session
JavaScript error: https://price.21food.cn/guoshu/shuiguo/, line 274: SyntaxError: "" string literal contains an unescaped line break
JavaScript error: https://price.21food.cn/guoshu/shuiguo/js/lightbox.js, line 3: SyntaxError: expected expression, got '<'
JavaScript error: https://price.21food.cn/guoshu/shuiguo/, line 47: TypeError: document.getElementById(...) is null
JavaScript error: https://price.21food.cn/resources/js/jquery.cookie.js line 1 > eval, line 1: TypeError: $(...).on is not a function
1614914148487	Marionette	INFO	Stopped listening on port 54464
1614914173759	geckodriver	INFO	Listening on 127.0.0.1:54551
1614914176803	mozrunner::runner	INFO	Running command: "C:\\Program Files\\Mozilla Firefox\\firefox.exe" "--marionette" "User-Agent=Mozilla/5.0 (Windows NT 10.0; Win64; x64; rv:85.0) Gecko/20100101 Firefox/85.0" "--no-sandbox" "--headless" "--disable-gpu" "-foreground" "-no-remote" "-profile" "C:\\Users\\admin\\AppData\\Local\\Temp\\rust_mozprofileep9hzz"
*** You are running in headless mode.
ConvertWinError received an unrecognized WinError: 0x7b
console.warn: SearchSettings: "get: No settings file exists, new profile?" (new Error("", "(unknown module)"))
1614914178403	Marionette	INFO	Listening on port 54559
1614914178840	Marionette	WARN	TLS certificate errors will be ignored for this session
JavaScript error: https://price.21food.cn/guoshu/shuiguo/, line 274: SyntaxError: "" string literal contains an unescaped line break
JavaScript error: https://price.21food.cn/guoshu/shuiguo/js/lightbox.js, line 3: SyntaxError: expected expression, got '<'
JavaScript error: https://price.21food.cn/guoshu/shuiguo/, line 47: TypeError: document.getElementById(...) is null
JavaScript error: https://price.21food.cn/resources/js/jquery.cookie.js line 1 > eval, line 1: TypeError: $(...).on is not a function
1614914194530	Marionette	INFO	Stopped listening on port 54559
1614914230367	geckodriver	INFO	Listening on 127.0.0.1:54648
1614914233422	mozrunner::runner	INFO	Running command: "C:\\Program Files\\Mozilla Firefox\\firefox.exe" "--marionette" "User-Agent=Mozilla/5.0 (Windows NT 10.0; Win64; x64; rv:85.0) Gecko/20100101 Firefox/85.0" "--no-sandbox" "--headless" "--disable-gpu" "-foreground" "-no-remote" "-profile" "C:\\Users\\admin\\AppData\\Local\\Temp\\rust_mozprofileY8FOpE"
*** You are running in headless mode.
ConvertWinError received an unrecognized WinError: 0x7b
console.warn: SearchSettings: "get: No settings file exists, new profile?" (new Error("", "(unknown module)"))
1614914235010	Marionette	INFO	Listening on port 54656
1614914235475	Marionette	WARN	TLS certificate errors will be ignored for this session
JavaScript error: https://price.21food.cn/guoshu/shuiguo/, line 274: SyntaxError: "" string literal contains an unescaped line break
JavaScript error: https://price.21food.cn/guoshu/shuiguo/js/lightbox.js, line 3: SyntaxError: expected expression, got '<'
JavaScript error: https://price.21food.cn/guoshu/shuiguo/, line 47: TypeError: document.getElementById(...) is null
JavaScript error: https://price.21food.cn/resources/js/jquery.cookie.js line 1 > eval, line 1: TypeError: $(...).on is not a function
1614914253974	Marionette	INFO	Stopped listening on port 54656
1614914278399	geckodriver	INFO	Listening on 127.0.0.1:54740
1614914281432	mozrunner::runner	INFO	Running command: "C:\\Program Files\\Mozilla Firefox\\firefox.exe" "--marionette" "User-Agent=Mozilla/5.0 (Windows NT 10.0; Win64; x64; rv:85.0) Gecko/20100101 Firefox/85.0" "--no-sandbox" "--headless" "--disable-gpu" "-foreground" "-no-remote" "-profile" "C:\\Users\\admin\\AppData\\Local\\Temp\\rust_mozprofilePWG5FM"
*** You are running in headless mode.
ConvertWinError received an unrecognized WinError: 0x7b
console.warn: SearchSettings: "get: No settings file exists, new profile?" (new Error("", "(unknown module)"))
1614914283295	Marionette	INFO	Listening on port 54748
1614914283477	Marionette	WARN	TLS certificate errors will be ignored for this session
JavaScript error: https://price.21food.cn/guoshu/shuiguo/, line 274: SyntaxError: "" string literal contains an unescaped line break
JavaScript error: https://price.21food.cn/guoshu/shuiguo/js/lightbox.js, line 3: SyntaxError: expected expression, got '<'
JavaScript error: https://price.21food.cn/guoshu/shuiguo/, line 47: TypeError: document.getElementById(...) is null
JavaScript error: https://price.21food.cn/resources/js/jquery.cookie.js line 1 > eval, line 1: TypeError: $(...).on is not a function
1614914299684	Marionette	INFO	Stopped listening on port 54748
1614914306650	geckodriver	INFO	Listening on 127.0.0.1:54843
1614914309703	mozrunner::runner	INFO	Running command: "C:\\Program Files\\Mozilla Firefox\\firefox.exe" "--marionette" "User-Agent=Mozilla/5.0 (Windows NT 10.0; Win64; x64; rv:85.0) Gecko/20100101 Firefox/85.0" "--no-sandbox" "--headless" "--disable-gpu" "-foreground" "-no-remote" "-profile" "C:\\Users\\admin\\AppData\\Local\\Temp\\rust_mozprofileJxLTWT"
*** You are running in headless mode.
ConvertWinError received an unrecognized WinError: 0x7b
console.warn: SearchSettings: "get: No settings file exists, new profile?" (new Error("", "(unknown module)"))
1614914311496	Marionette	INFO	Listening on port 54855
1614914311764	Marionette	WARN	TLS certificate errors will be ignored for this session
JavaScript error: https://price.21food.cn/resources/js/jquery.cookie.js line 1 > eval, line 1: TypeError: $(...).on is not a function
1614914314466	geckodriver	INFO	Listening on 127.0.0.1:54915
1614914317498	mozrunner::runner	INFO	Running command: "C:\\Program Files\\Mozilla Firefox\\firefox.exe" "--marionette" "User-Agent=Mozilla/5.0 (Windows NT 10.0; Win64; x64; rv:85.0) Gecko/20100101 Firefox/85.0" "--no-sandbox" "--headless" "--disable-gpu" "-foreground" "-no-remote" "-profile" "C:\\Users\\admin\\AppData\\Local\\Temp\\rust_mozprofiley62vT1"
*** You are running in headless mode.
ConvertWinError received an unrecognized WinError: 0x7b
console.warn: SearchSettings: "get: No settings file exists, new profile?" (new Error("", "(unknown module)"))
1614914319433	Marionette	INFO	Listening on port 54932
1614914319547	Marionette	WARN	TLS certificate errors will be ignored for this session
JavaScript error: https://price.21food.cn/resources/js/jquery.cookie.js line 1 > eval, line 1: TypeError: $(...).on is not a function
1614914328655	geckodriver	INFO	Listening on 127.0.0.1:55023
1614914331724	mozrunner::runner	INFO	Running command: "C:\\Program Files\\Mozilla Firefox\\firefox.exe" "--marionette" "User-Agent=Mozilla/5.0 (Windows NT 10.0; Win64; x64; rv:85.0) Gecko/20100101 Firefox/85.0" "--no-sandbox" "--headless" "--disable-gpu" "-foreground" "-no-remote" "-profile" "C:\\Users\\admin\\AppData\\Local\\Temp\\rust_mozprofile1OdiiS"
*** You are running in headless mode.
ConvertWinError received an unrecognized WinError: 0x7b
console.warn: SearchSettings: "get: No settings file exists, new profile?" (new Error("", "(unknown module)"))
1614914333287	Marionette	INFO	Listening on port 55031
1614914333806	Marionette	WARN	TLS certificate errors will be ignored for this session
JavaScript error: https://price.21food.cn/guoshu/shuiguo/, line 274: SyntaxError: "" string literal contains an unescaped line break
JavaScript error: https://price.21food.cn/guoshu/shuiguo/js/lightbox.js, line 3: SyntaxError: expected expression, got '<'
JavaScript error: https://price.21food.cn/guoshu/shuiguo/, line 47: TypeError: document.getElementById(...) is null
JavaScript error: https://price.21food.cn/resources/js/jquery.cookie.js line 1 > eval, line 1: TypeError: $(...).on is not a function
1614914353777	Marionette	INFO	Stopped listening on port 55031
1614914377834	geckodriver	INFO	Listening on 127.0.0.1:55121
1614914380826	mozrunner::runner	INFO	Running command: "C:\\Program Files\\Mozilla Firefox\\firefox.exe" "--marionette" "User-Agent=Mozilla/5.0 (Windows NT 10.0; Win64; x64; rv:85.0) Gecko/20100101 Firefox/85.0" "--no-sandbox" "--headless" "--disable-gpu" "-foreground" "-no-remote" "-profile" "C:\\Users\\admin\\AppData\\Local\\Temp\\rust_mozprofile9buwxM"
*** You are running in headless mode.
ConvertWinError received an unrecognized WinError: 0x7b
console.warn: SearchSettings: "get: No settings file exists, new profile?" (new Error("", "(unknown module)"))
1614914382871	Marionette	INFO	Listening on port 55131
1614914382976	Marionette	WARN	TLS certificate errors will be ignored for this session
JavaScript error: https://price.21food.cn/guoshu/shuiguo/, line 274: SyntaxError: "" string literal contains an unescaped line break
JavaScript error: https://price.21food.cn/guoshu/shuiguo/js/lightbox.js, line 3: SyntaxError: expected expression, got '<'
JavaScript error: https://price.21food.cn/guoshu/shuiguo/, line 47: TypeError: document.getElementById(...) is null
JavaScript error: https://price.21food.cn/resources/js/jquery.cookie.js line 1 > eval, line 1: TypeError: $(...).on is not a function
1614914401800	Marionette	INFO	Stopped listening on port 55131
1614914429305	geckodriver	INFO	Listening on 127.0.0.1:55218
1614914432348	mozrunner::runner	INFO	Running command: "C:\\Program Files\\Mozilla Firefox\\firefox.exe" "--marionette" "User-Agent=Mozilla/5.0 (Windows NT 10.0; Win64; x64; rv:85.0) Gecko/20100101 Firefox/85.0" "--no-sandbox" "--headless" "--disable-gpu" "-foreground" "-no-remote" "-profile" "C:\\Users\\admin\\AppData\\Local\\Temp\\rust_mozprofileFQh5KV"
*** You are running in headless mode.
ConvertWinError received an unrecognized WinError: 0x7b
console.warn: SearchSettings: "get: No settings file exists, new profile?" (new Error("", "(unknown module)"))
1614914433921	Marionette	INFO	Listening on port 55226
1614914434384	Marionette	WARN	TLS certificate errors will be ignored for this session
JavaScript error: https://price.21food.cn/guoshu/shuiguo/, line 274: SyntaxError: "" string literal contains an unescaped line break
JavaScript error: https://price.21food.cn/guoshu/shuiguo/js/lightbox.js, line 3: SyntaxError: expected expression, got '<'
JavaScript error: https://price.21food.cn/guoshu/shuiguo/, line 47: TypeError: document.getElementById(...) is null
JavaScript error: https://price.21food.cn/resources/js/jquery.cookie.js line 1 > eval, line 1: TypeError: $(...).on is not a function
1614914455542	Marionette	INFO	Stopped listening on port 55226
1614914541718	geckodriver	INFO	Listening on 127.0.0.1:55315
1614914544740	mozrunner::runner	INFO	Running command: "C:\\Program Files\\Mozilla Firefox\\firefox.exe" "--marionette" "User-Agent=Mozilla/5.0 (Windows NT 10.0; Win64; x64; rv:85.0) Gecko/20100101 Firefox/85.0" "--no-sandbox" "--headless" "--disable-gpu" "-foreground" "-no-remote" "-profile" "C:\\Users\\admin\\AppData\\Local\\Temp\\rust_mozprofilevHgxHJ"
*** You are running in headless mode.
ConvertWinError received an unrecognized WinError: 0x7b
console.warn: SearchSettings: "get: No settings file exists, new profile?" (new Error("", "(unknown module)"))
1614914546325	Marionette	INFO	Listening on port 55323
1614914546781	Marionette	WARN	TLS certificate errors will be ignored for this session
JavaScript error: https://price.21food.cn/guoshu/shuiguo-p1.html, line 274: SyntaxError: "" string literal contains an unescaped line break
JavaScript error: https://price.21food.cn/guoshu/js/lightbox.js, line 3: SyntaxError: expected expression, got '<'
JavaScript error: https://price.21food.cn/guoshu/shuiguo-p1.html, line 47: TypeError: document.getElementById(...) is null
JavaScript error: https://price.21food.cn/resources/js/jquery.cookie.js line 1 > eval, line 1: TypeError: $(...).on is not a function
1614914566365	Marionette	INFO	Stopped listening on port 55323
1614914585272	geckodriver	INFO	Listening on 127.0.0.1:55406
1614914588311	mozrunner::runner	INFO	Running command: "C:\\Program Files\\Mozilla Firefox\\firefox.exe" "--marionette" "User-Agent=Mozilla/5.0 (Windows NT 10.0; Win64; x64; rv:85.0) Gecko/20100101 Firefox/85.0" "--no-sandbox" "--headless" "--disable-gpu" "-foreground" "-no-remote" "-profile" "C:\\Users\\admin\\AppData\\Local\\Temp\\rust_mozprofilearmjji"
*** You are running in headless mode.
ConvertWinError received an unrecognized WinError: 0x7b
console.warn: SearchSettings: "get: No settings file exists, new profile?" (new Error("", "(unknown module)"))
1614914589868	Marionette	INFO	Listening on port 55414
1614914590361	Marionette	WARN	TLS certificate errors will be ignored for this session
JavaScript error: https://price.21food.cn/guoshu/shuiguo/, line 274: SyntaxError: "" string literal contains an unescaped line break
JavaScript error: https://price.21food.cn/guoshu/shuiguo/js/lightbox.js, line 3: SyntaxError: expected expression, got '<'
JavaScript error: https://price.21food.cn/guoshu/shuiguo/, line 47: TypeError: document.getElementById(...) is null
JavaScript error: https://price.21food.cn/resources/js/jquery.cookie.js line 1 > eval, line 1: TypeError: $(...).on is not a function
1614914606150	Marionette	INFO	Stopped listening on port 55414
1614914613036	geckodriver	INFO	Listening on 127.0.0.1:55498
1614914616093	mozrunner::runner	INFO	Running command: "C:\\Program Files\\Mozilla Firefox\\firefox.exe" "--marionette" "User-Agent=Mozilla/5.0 (Windows NT 10.0; Win64; x64; rv:85.0) Gecko/20100101 Firefox/85.0" "--no-sandbox" "--headless" "--disable-gpu" "-foreground" "-no-remote" "-profile" "C:\\Users\\admin\\AppData\\Local\\Temp\\rust_mozprofilenu6lti"
*** You are running in headless mode.
ConvertWinError received an unrecognized WinError: 0x7b
console.warn: SearchSettings: "get: No settings file exists, new profile?" (new Error("", "(unknown module)"))
1614914617743	Marionette	INFO	Listening on port 55506
1614914618140	Marionette	WARN	TLS certificate errors will be ignored for this session
JavaScript error: https://price.21food.cn/resources/js/jquery.cookie.js line 1 > eval, line 1: TypeError: $(...).on is not a function
1614914621166	geckodriver	INFO	Listening on 127.0.0.1:55569
1614914624222	mozrunner::runner	INFO	Running command: "C:\\Program Files\\Mozilla Firefox\\firefox.exe" "--marionette" "User-Agent=Mozilla/5.0 (Windows NT 10.0; Win64; x64; rv:85.0) Gecko/20100101 Firefox/85.0" "--no-sandbox" "--headless" "--disable-gpu" "-foreground" "-no-remote" "-profile" "C:\\Users\\admin\\AppData\\Local\\Temp\\rust_mozprofilefPQ5Bo"
*** You are running in headless mode.
ConvertWinError received an unrecognized WinError: 0x7b
console.warn: SearchSettings: "get: No settings file exists, new profile?" (new Error("", "(unknown module)"))
1614914626162	Marionette	INFO	Listening on port 55582
1614914626269	Marionette	WARN	TLS certificate errors will be ignored for this session
JavaScript error: https://price.21food.cn/resources/js/jquery.cookie.js line 1 > eval, line 1: TypeError: $(...).on is not a function
Exiting due to channel error.
Listening on 127.0.0.1:55662
1614914640358	mozrunner::runner	INFO	Running command: "C:\\Program Files\\Mozilla Firefox\\firefox.exe" "--marionette" "User-Agent=Mozilla/5.0 (Windows NT 10.0; Win64; x64; rv:85.0) Gecko/20100101 Firefox/85.0" "--no-sandbox" "--headless" "--disable-gpu" "-foreground" "-no-remote" "-profile" "C:\\Users\\admin\\AppData\\Local\\Temp\\rust_mozprofileI0MC0K"
*** You are running in headless mode.
ConvertWinError received an unrecognized WinError: 0x7b
console.warn: SearchSettings: "get: No settings file exists, new profile?" (new Error("", "(unknown module)"))
1614914642224	Marionette	INFO	Listening on port 55670
1614914642401	Marionette	WARN	TLS certificate errors will be ignored for this session
JavaScript error: https://price.21food.cn/resources/js/jquery.cookie.js line 1 > eval, line 1: TypeError: $(...).on is not a function
Exiting due to channel error.
Listening on 127.0.0.1:55733
1614914650236	mozrunner::runner	INFO	Running command: "C:\\Program Files\\Mozilla Firefox\\firefox.exe" "--marionette" "User-Agent=Mozilla/5.0 (Windows NT 10.0; Win64; x64; rv:85.0) Gecko/20100101 Firefox/85.0" "--no-sandbox" "--headless" "--disable-gpu" "-foreground" "-no-remote" "-profile" "C:\\Users\\admin\\AppData\\Local\\Temp\\rust_mozprofileHP7w9A"
*** You are running in headless mode.
ConvertWinError received an unrecognized WinError: 0x7b
console.warn: SearchSettings: "get: No settings file exists, new profile?" (new Error("", "(unknown module)"))
JavaScript error: chrome://browser/content/places/browserPlacesViews.js, line 131: Error: No DOM node set for aPlacesNode.
node.type: 0. node.parent: [xpconnect wrapped nsINavHistoryResultNode]
1614914651998	Marionette	INFO	Listening on port 55748
1614914652288	Marionette	WARN	TLS certificate errors will be ignored for this session
JavaScript error: https://price.21food.cn/resources/js/jquery.cookie.js line 1 > eval, line 1: TypeError: $(...).on is not a function
1614914662730	geckodriver	INFO	Listening on 127.0.0.1:55817
1614914665753	mozrunner::runner	INFO	Running command: "C:\\Program Files\\Mozilla Firefox\\firefox.exe" "--marionette" "User-Agent=Mozilla/5.0 (Windows NT 10.0; Win64; x64; rv:85.0) Gecko/20100101 Firefox/85.0" "--no-sandbox" "--headless" "--disable-gpu" "-foreground" "-no-remote" "-profile" "C:\\Users\\admin\\AppData\\Local\\Temp\\rust_mozprofilerm3FIy"
*** You are running in headless mode.
ConvertWinError received an unrecognized WinError: 0x7b
console.warn: SearchSettings: "get: No settings file exists, new profile?" (new Error("", "(unknown module)"))
1614914668292	Marionette	INFO	Listening on port 55832
1614914668451	Marionette	WARN	TLS certificate errors will be ignored for this session
JavaScript error: https://price.21food.cn/resources/js/jquery.cookie.js line 1 > eval, line 1: TypeError: $(...).on is not a function
1614914671951	geckodriver	INFO	Listening on 127.0.0.1:55894
1614914675020	mozrunner::runner	INFO	Running command: "C:\\Program Files\\Mozilla Firefox\\firefox.exe" "--marionette" "User-Agent=Mozilla/5.0 (Windows NT 10.0; Win64; x64; rv:85.0) Gecko/20100101 Firefox/85.0" "--no-sandbox" "--headless" "--disable-gpu" "-foreground" "-no-remote" "-profile" "C:\\Users\\admin\\AppData\\Local\\Temp\\rust_mozprofileLVqU3E"
*** You are running in headless mode.
ConvertWinError received an unrecognized WinError: 0x7b
console.warn: SearchSettings: "get: No settings file exists, new profile?" (new Error("", "(unknown module)"))
1614914676730	Marionette	INFO	Listening on port 55904
1614914677062	Marionette	WARN	TLS certificate errors will be ignored for this session
JavaScript error: https://price.21food.cn/resources/js/jquery.cookie.js line 1 > eval, line 1: TypeError: $(...).on is not a function
1614914686948	geckodriver	INFO	Listening on 127.0.0.1:55996
1614914689972	mozrunner::runner	INFO	Running command: "C:\\Program Files\\Mozilla Firefox\\firefox.exe" "--marionette" "User-Agent=Mozilla/5.0 (Windows NT 10.0; Win64; x64; rv:85.0) Gecko/20100101 Firefox/85.0" "--no-sandbox" "--headless" "--disable-gpu" "-foreground" "-no-remote" "-profile" "C:\\Users\\admin\\AppData\\Local\\Temp\\rust_mozprofileTZpUa9"
*** You are running in headless mode.
ConvertWinError received an unrecognized WinError: 0x7b
console.warn: SearchSettings: "get: No settings file exists, new profile?" (new Error("", "(unknown module)"))
1614914691744	Marionette	INFO	Listening on port 56012
1614914692031	Marionette	WARN	TLS certificate errors will be ignored for this session
JavaScript error: https://price.21food.cn/resources/js/jquery.cookie.js line 1 > eval, line 1: TypeError: $(...).on is not a function
Exiting due to channel error.
Listening on 127.0.0.1:56076
1614914701421	mozrunner::runner	INFO	Running command: "C:\\Program Files\\Mozilla Firefox\\firefox.exe" "--marionette" "User-Agent=Mozilla/5.0 (Windows NT 10.0; Win64; x64; rv:85.0) Gecko/20100101 Firefox/85.0" "--no-sandbox" "--headless" "--disable-gpu" "-foreground" "-no-remote" "-profile" "C:\\Users\\admin\\AppData\\Local\\Temp\\rust_mozprofileF7YEzm"
*** You are running in headless mode.
ConvertWinError received an unrecognized WinError: 0x7b
console.warn: SearchSettings: "get: No settings file exists, new profile?" (new Error("", "(unknown module)"))
1614914703577	Marionette	INFO	Listening on port 56093
1614914704082	Marionette	WARN	TLS certificate errors will be ignored for this session
JavaScript error: https://price.21food.cn/guoshu/shuiguo/, line 274: SyntaxError: "" string literal contains an unescaped line break
JavaScript error: https://price.21food.cn/guoshu/shuiguo/js/lightbox.js, line 3: SyntaxError: expected expression, got '<'
JavaScript error: https://price.21food.cn/guoshu/shuiguo/, line 47: TypeError: document.getElementById(...) is null
JavaScript error: https://price.21food.cn/guoshu/shuiguo/, line 274: SyntaxError: "" string literal contains an unescaped line break
JavaScript error: https://price.21food.cn/guoshu/shuiguo/js/lightbox.js, line 3: SyntaxError: expected expression, got '<'
1614914722533	Marionette	INFO	Stopped listening on port 56093
1614914729049	geckodriver	INFO	Listening on 127.0.0.1:56172
1614914732073	mozrunner::runner	INFO	Running command: "C:\\Program Files\\Mozilla Firefox\\firefox.exe" "--marionette" "User-Agent=Mozilla/5.0 (Windows NT 10.0; Win64; x64; rv:85.0) Gecko/20100101 Firefox/85.0" "--no-sandbox" "--headless" "--disable-gpu" "-foreground" "-no-remote" "-profile" "C:\\Users\\admin\\AppData\\Local\\Temp\\rust_mozprofileR784bP"
*** You are running in headless mode.
ConvertWinError received an unrecognized WinError: 0x7b
console.warn: SearchSettings: "get: No settings file exists, new profile?" (new Error("", "(unknown module)"))
1614914734469	Marionette	INFO	Listening on port 56180
1614914734734	Marionette	WARN	TLS certificate errors will be ignored for this session
JavaScript error: https://price.21food.cn/guoshu/shuiguo/, line 274: SyntaxError: "" string literal contains an unescaped line break
JavaScript error: https://price.21food.cn/guoshu/shuiguo/js/lightbox.js, line 3: SyntaxError: expected expression, got '<'
JavaScript error: https://price.21food.cn/guoshu/shuiguo/, line 47: TypeError: document.getElementById(...) is null
JavaScript error: https://price.21food.cn/guoshu/shuiguo/, line 274: SyntaxError: "" string literal contains an unescaped line break
JavaScript error: https://price.21food.cn/guoshu/shuiguo/js/lightbox.js, line 3: SyntaxError: expected expression, got '<'
1614914749512	Marionette	INFO	Stopped listening on port 56180
1614914755961	geckodriver	INFO	Listening on 127.0.0.1:56259
1614914758973	mozrunner::runner	INFO	Running command: "C:\\Program Files\\Mozilla Firefox\\firefox.exe" "--marionette" "User-Agent=Mozilla/5.0 (Windows NT 10.0; Win64; x64; rv:85.0) Gecko/20100101 Firefox/85.0" "--no-sandbox" "--headless" "--disable-gpu" "-foreground" "-no-remote" "-profile" "C:\\Users\\admin\\AppData\\Local\\Temp\\rust_mozprofileBjTP2k"
*** You are running in headless mode.
ConvertWinError received an unrecognized WinError: 0x7b
console.warn: SearchSettings: "get: No settings file exists, new profile?" (new Error("", "(unknown module)"))
1614914760575	Marionette	INFO	Listening on port 56267
1614914761014	Marionette	WARN	TLS certificate errors will be ignored for this session
JavaScript error: https://price.21food.cn/guoshu/shuiguo/, line 274: SyntaxError: "" string literal contains an unescaped line break
JavaScript error: https://price.21food.cn/guoshu/shuiguo/js/lightbox.js, line 3: SyntaxError: expected expression, got '<'
JavaScript error: https://price.21food.cn/guoshu/shuiguo/, line 47: TypeError: document.getElementById(...) is null
JavaScript error: https://price.21food.cn/guoshu/shuiguo/, line 274: SyntaxError: "" string literal contains an unescaped line break
JavaScript error: https://price.21food.cn/guoshu/shuiguo/js/lightbox.js, line 3: SyntaxError: expected expression, got '<'
1614914778033	Marionette	INFO	Stopped listening on port 56267
1614914784514	geckodriver	INFO	Listening on 127.0.0.1:56332
1614914787547	mozrunner::runner	INFO	Running command: "C:\\Program Files\\Mozilla Firefox\\firefox.exe" "--marionette" "User-Agent=Mozilla/5.0 (Windows NT 10.0; Win64; x64; rv:85.0) Gecko/20100101 Firefox/85.0" "--no-sandbox" "--headless" "--disable-gpu" "-foreground" "-no-remote" "-profile" "C:\\Users\\admin\\AppData\\Local\\Temp\\rust_mozprofileQuua7n"
*** You are running in headless mode.
ConvertWinError received an unrecognized WinError: 0x7b
console.warn: SearchSettings: "get: No settings file exists, new profile?" (new Error("", "(unknown module)"))
1614914789294	Marionette	INFO	Listening on port 56340
1614914789591	Marionette	WARN	TLS certificate errors will be ignored for this session
JavaScript error: https://price.21food.cn/guoshu/shuiguo/, line 274: SyntaxError: "" string literal contains an unescaped line break
JavaScript error: https://price.21food.cn/guoshu/shuiguo/js/lightbox.js, line 3: SyntaxError: expected expression, got '<'
JavaScript error: https://price.21food.cn/guoshu/shuiguo/, line 47: TypeError: document.getElementById(...) is null
JavaScript error: https://price.21food.cn/guoshu/shuiguo/, line 274: SyntaxError: "" string literal contains an unescaped line break
JavaScript error: https://price.21food.cn/guoshu/shuiguo/js/lightbox.js, line 3: SyntaxError: expected expression, got '<'
1614914806369	Marionette	INFO	Stopped listening on port 56340
1614914812814	geckodriver	INFO	Listening on 127.0.0.1:56407
1614914815887	mozrunner::runner	INFO	Running command: "C:\\Program Files\\Mozilla Firefox\\firefox.exe" "--marionette" "User-Agent=Mozilla/5.0 (Windows NT 10.0; Win64; x64; rv:85.0) Gecko/20100101 Firefox/85.0" "--no-sandbox" "--headless" "--disable-gpu" "-foreground" "-no-remote" "-profile" "C:\\Users\\admin\\AppData\\Local\\Temp\\rust_mozprofileqglwkJ"
*** You are running in headless mode.
ConvertWinError received an unrecognized WinError: 0x7b
console.warn: SearchSettings: "get: No settings file exists, new profile?" (new Error("", "(unknown module)"))
1614914817829	Marionette	INFO	Listening on port 56415
1614914817940	Marionette	WARN	TLS certificate errors will be ignored for this session
JavaScript error: https://price.21food.cn/guoshu/shuiguo/, line 274: SyntaxError: "" string literal contains an unescaped line break
JavaScript error: https://price.21food.cn/guoshu/shuiguo/js/lightbox.js, line 3: SyntaxError: expected expression, got '<'
JavaScript error: https://price.21food.cn/guoshu/shuiguo/, line 47: TypeError: document.getElementById(...) is null
JavaScript error: https://price.21food.cn/guoshu/shuiguo/, line 274: SyntaxError: "" string literal contains an unescaped line break
JavaScript error: https://price.21food.cn/guoshu/shuiguo/js/lightbox.js, line 3: SyntaxError: expected expression, got '<'
1614914834054	Marionette	INFO	Stopped listening on port 56415
1614914840578	geckodriver	INFO	Listening on 127.0.0.1:56497
1614914843587	mozrunner::runner	INFO	Running command: "C:\\Program Files\\Mozilla Firefox\\firefox.exe" "--marionette" "User-Agent=Mozilla/5.0 (Windows NT 10.0; Win64; x64; rv:85.0) Gecko/20100101 Firefox/85.0" "--no-sandbox" "--headless" "--disable-gpu" "-foreground" "-no-remote" "-profile" "C:\\Users\\admin\\AppData\\Local\\Temp\\rust_mozprofileqFSxkj"
*** You are running in headless mode.
ConvertWinError received an unrecognized WinError: 0x7b
console.warn: SearchSettings: "get: No settings file exists, new profile?" (new Error("", "(unknown module)"))
1614914845271	Marionette	INFO	Listening on port 56505
1614914845634	Marionette	WARN	TLS certificate errors will be ignored for this session
JavaScript error: https://price.21food.cn/guoshu/shuiguo/, line 274: SyntaxError: "" string literal contains an unescaped line break
JavaScript error: https://price.21food.cn/guoshu/shuiguo/js/lightbox.js, line 3: SyntaxError: expected expression, got '<'
1614915051707	geckodriver	INFO	Listening on 127.0.0.1:56786
1614915054747	mozrunner::runner	INFO	Running command: "C:\\Program Files\\Mozilla Firefox\\firefox.exe" "--marionette" "User-Agent=Mozilla/5.0 (Windows NT 10.0; Win64; x64; rv:85.0) Gecko/20100101 Firefox/85.0" "--no-sandbox" "--headless" "--disable-gpu" "-foreground" "-no-remote" "-profile" "C:\\Users\\admin\\AppData\\Local\\Temp\\rust_mozprofilexzhIGu"
*** You are running in headless mode.
ConvertWinError received an unrecognized WinError: 0x7b
console.warn: SearchSettings: "get: No settings file exists, new profile?" (new Error("", "(unknown module)"))
1614915056392	Marionette	INFO	Listening on port 56794
1614915056805	Marionette	WARN	TLS certificate errors will be ignored for this session
JavaScript error: https://price.21food.cn/guoshu/shuiguo-p1.html, line 274: SyntaxError: "" string literal contains an unescaped line break
JavaScript error: https://price.21food.cn/guoshu/js/lightbox.js, line 3: SyntaxError: expected expression, got '<'
JavaScript error: https://price.21food.cn/guoshu/shuiguo-p1.html, line 47: TypeError: document.getElementById(...) is null
JavaScript error: https://price.21food.cn/guoshu/shuiguo-p1.html, line 274: SyntaxError: "" string literal contains an unescaped line break
JavaScript error: https://price.21food.cn/guoshu/js/lightbox.js, line 3: SyntaxError: expected expression, got '<'
1614915073241	Marionette	INFO	Stopped listening on port 56794
1614915098020	geckodriver	INFO	Listening on 127.0.0.1:56880
1614915101053	mozrunner::runner	INFO	Running command: "C:\\Program Files\\Mozilla Firefox\\firefox.exe" "--marionette" "User-Agent=Mozilla/5.0 (Windows NT 10.0; Win64; x64; rv:85.0) Gecko/20100101 Firefox/85.0" "--no-sandbox" "--headless" "--disable-gpu" "-foreground" "-no-remote" "-profile" "C:\\Users\\admin\\AppData\\Local\\Temp\\rust_mozprofileCJiJNd"
*** You are running in headless mode.
ConvertWinError received an unrecognized WinError: 0x7b
console.warn: SearchSettings: "get: No settings file exists, new profile?" (new Error("", "(unknown module)"))
1614915102811	Marionette	INFO	Listening on port 56889
1614915103093	Marionette	WARN	TLS certificate errors will be ignored for this session
JavaScript error: https://price.21food.cn/guoshu/shuiguo-p1.html, line 274: SyntaxError: "" string literal contains an unescaped line break
JavaScript error: https://price.21food.cn/guoshu/js/lightbox.js, line 3: SyntaxError: expected expression, got '<'
JavaScript error: https://price.21food.cn/guoshu/shuiguo-p1.html, line 47: TypeError: document.getElementById(...) is null
JavaScript error: https://price.21food.cn/guoshu/shuiguo-p1.html, line 274: SyntaxError: "" string literal contains an unescaped line break
JavaScript error: https://price.21food.cn/guoshu/js/lightbox.js, line 3: SyntaxError: expected expression, got '<'
1614915118979	Marionette	INFO	Stopped listening on port 56889
